TN:
SF:src/component/AetherComponent.js
FN:12,(anonymous_0)
FN:36,(anonymous_1)
FN:44,(anonymous_2)
FN:47,(anonymous_3)
FN:57,(anonymous_4)
FN:77,(anonymous_5)
FN:85,(anonymous_6)
FN:92,(anonymous_7)
FN:95,(anonymous_8)
FN:98,(anonymous_9)
FN:101,(anonymous_10)
FN:114,(anonymous_11)
FN:116,(anonymous_12)
FN:131,(anonymous_13)
FN:139,(anonymous_14)
FN:147,(anonymous_15)
FN:156,(anonymous_16)
FN:164,(anonymous_17)
FN:172,(anonymous_18)
FN:180,(anonymous_19)
FN:194,(anonymous_20)
FN:203,(anonymous_21)
FN:217,(anonymous_22)
FN:226,(anonymous_23)
FN:233,(anonymous_24)
FN:237,(anonymous_25)
FN:241,(anonymous_26)
FN:245,(anonymous_27)
FN:253,(anonymous_28)
FN:264,(anonymous_29)
FN:273,(anonymous_30)
FN:297,(anonymous_31)
FN:305,(anonymous_32)
FN:315,(anonymous_33)
FN:331,(anonymous_34)
FN:357,(anonymous_35)
FN:365,(anonymous_36)
FN:375,(anonymous_37)
FN:399,(anonymous_38)
FN:405,(anonymous_39)
FN:409,(anonymous_40)
FN:413,(anonymous_41)
FN:417,(anonymous_42)
FN:428,(anonymous_43)
FN:434,(anonymous_44)
FN:448,(anonymous_45)
FN:466,(anonymous_46)
FN:477,(anonymous_47)
FN:480,(anonymous_48)
FN:487,(anonymous_49)
FN:492,(anonymous_50)
FN:498,(anonymous_51)
FN:522,(anonymous_52)
FN:526,(anonymous_53)
FN:529,(anonymous_54)
FN:545,(anonymous_55)
FN:550,(anonymous_56)
FN:551,(anonymous_57)
FN:560,(anonymous_58)
FN:565,(anonymous_59)
FN:570,(anonymous_60)
FN:574,(anonymous_61)
FN:577,(anonymous_62)
FN:578,(anonymous_63)
FN:584,(anonymous_64)
FN:602,(anonymous_65)
FN:639,(anonymous_66)
FN:644,(anonymous_67)
FN:645,(anonymous_68)
FN:656,(anonymous_69)
FN:657,(anonymous_70)
FN:667,(anonymous_71)
FN:676,(anonymous_72)
FN:679,(anonymous_73)
FN:692,(anonymous_74)
FN:709,(anonymous_75)
FN:721,(anonymous_76)
FN:737,(anonymous_77)
FN:765,(anonymous_78)
FN:771,(anonymous_79)
FN:800,(anonymous_80)
FN:823,(anonymous_81)
FN:824,(anonymous_82)
FN:836,(anonymous_83)
FN:851,(anonymous_84)
FN:890,(anonymous_85)
FN:893,(anonymous_86)
FN:913,(anonymous_87)
FN:942,(anonymous_88)
FN:947,(anonymous_89)
FN:960,(anonymous_90)
FNF:91
FNH:22
FNDA:1253,(anonymous_0)
FNDA:1253,(anonymous_1)
FNDA:1253,(anonymous_2)
FNDA:5,(anonymous_3)
FNDA:2,(anonymous_4)
FNDA:5,(anonymous_5)
FNDA:0,(anonymous_6)
FNDA:0,(anonymous_7)
FNDA:0,(anonymous_8)
FNDA:0,(anonymous_9)
FNDA:0,(anonymous_10)
FNDA:8,(anonymous_11)
FNDA:10,(anonymous_12)
FNDA:2,(anonymous_13)
FNDA:5,(anonymous_14)
FNDA:1,(anonymous_15)
FNDA:0,(anonymous_16)
FNDA:0,(anonymous_17)
FNDA:0,(anonymous_18)
FNDA:0,(anonymous_19)
FNDA:1000,(anonymous_20)
FNDA:1,(anonymous_21)
FNDA:0,(anonymous_22)
FNDA:0,(anonymous_23)
FNDA:1,(anonymous_24)
FNDA:1,(anonymous_25)
FNDA:1,(anonymous_26)
FNDA:1,(anonymous_27)
FNDA:1,(anonymous_28)
FNDA:1,(anonymous_29)
FNDA:0,(anonymous_30)
FNDA:0,(anonymous_31)
FNDA:0,(anonymous_32)
FNDA:0,(anonymous_33)
FNDA:0,(anonymous_34)
FNDA:0,(anonymous_35)
FNDA:0,(anonymous_36)
FNDA:0,(anonymous_37)
FNDA:0,(anonymous_38)
FNDA:0,(anonymous_39)
FNDA:0,(anonymous_40)
FNDA:0,(anonymous_41)
FNDA:0,(anonymous_42)
FNDA:0,(anonymous_43)
FNDA:0,(anonymous_44)
FNDA:0,(anonymous_45)
FNDA:0,(anonymous_46)
FNDA:0,(anonymous_47)
FNDA:0,(anonymous_48)
FNDA:0,(anonymous_49)
FNDA:0,(anonymous_50)
FNDA:0,(anonymous_51)
FNDA:0,(anonymous_52)
FNDA:0,(anonymous_53)
FNDA:0,(anonymous_54)
FNDA:0,(anonymous_55)
FNDA:0,(anonymous_56)
FNDA:0,(anonymous_57)
FNDA:0,(anonymous_58)
FNDA:0,(anonymous_59)
FNDA:0,(anonymous_60)
FNDA:0,(anonymous_61)
FNDA:0,(anonymous_62)
FNDA:0,(anonymous_63)
FNDA:0,(anonymous_64)
FNDA:0,(anonymous_65)
FNDA:0,(anonymous_66)
FNDA:0,(anonymous_67)
FNDA:0,(anonymous_68)
FNDA:0,(anonymous_69)
FNDA:0,(anonymous_70)
FNDA:0,(anonymous_71)
FNDA:0,(anonymous_72)
FNDA:0,(anonymous_73)
FNDA:0,(anonymous_74)
FNDA:0,(anonymous_75)
FNDA:0,(anonymous_76)
FNDA:0,(anonymous_77)
FNDA:0,(anonymous_78)
FNDA:0,(anonymous_79)
FNDA:0,(anonymous_80)
FNDA:0,(anonymous_81)
FNDA:0,(anonymous_82)
FNDA:0,(anonymous_83)
FNDA:0,(anonymous_84)
FNDA:0,(anonymous_85)
FNDA:0,(anonymous_86)
FNDA:0,(anonymous_87)
FNDA:2,(anonymous_88)
FNDA:4,(anonymous_89)
FNDA:2,(anonymous_90)
DA:13,1253
DA:21,1253
DA:22,1253
DA:23,1253
DA:24,1253
DA:27,1253
DA:30,1253
DA:46,1253
DA:47,1253
DA:48,5
DA:49,5
DA:52,5
DA:53,0
DA:57,1253
DA:58,2
DA:59,2
DA:62,1253
DA:63,1253
DA:66,1253
DA:79,5
DA:81,5
DA:83,5
DA:85,5
DA:86,0
DA:87,0
DA:91,5
DA:93,0
DA:96,0
DA:99,0
DA:102,0
DA:107,5
DA:115,8
DA:116,10
DA:117,2
DA:119,8
DA:120,8
DA:195,1000
DA:196,1000
DA:204,1
DA:218,0
DA:227,0
DA:234,1
DA:238,1
DA:242,1
DA:246,1
DA:254,1
DA:255,1
DA:265,1
DA:266,1
DA:274,0
DA:277,0
DA:280,0
DA:283,0
DA:286,0
DA:289,0
DA:291,0
DA:292,0
DA:294,0
DA:298,0
DA:305,0
DA:306,0
DA:308,0
DA:317,0
DA:318,0
DA:319,0
DA:321,0
DA:328,0
DA:333,0
DA:334,0
DA:336,0
DA:337,0
DA:339,0
DA:340,0
DA:341,0
DA:344,0
DA:345,0
DA:346,0
DA:349,0
DA:358,0
DA:366,0
DA:368,0
DA:376,0
DA:379,0
DA:380,0
DA:388,0
DA:389,0
DA:396,0
DA:400,0
DA:401,0
DA:404,0
DA:405,0
DA:408,0
DA:409,0
DA:412,0
DA:413,0
DA:417,0
DA:418,0
DA:419,0
DA:421,0
DA:422,0
DA:423,0
DA:427,0
DA:428,0
DA:436,0
DA:437,0
DA:440,0
DA:441,0
DA:444,0
DA:445,0
DA:450,0
DA:451,0
DA:454,0
DA:455,0
DA:456,0
DA:458,0
DA:459,0
DA:461,0
DA:462,0
DA:468,0
DA:470,0
DA:471,0
DA:474,0
DA:479,0
DA:480,0
DA:482,0
DA:489,0
DA:491,0
DA:492,0
DA:493,0
DA:499,0
DA:500,0
DA:503,0
DA:511,0
DA:512,0
DA:516,0
DA:523,0
DA:526,0
DA:529,0
DA:536,0
DA:542,0
DA:546,0
DA:549,0
DA:550,0
DA:551,0
DA:552,0
DA:553,0
DA:554,0
DA:557,0
DA:561,0
DA:562,0
DA:565,0
DA:570,0
DA:571,0
DA:572,0
DA:574,0
DA:578,0
DA:585,0
DA:587,0
DA:588,0
DA:590,0
DA:591,0
DA:592,0
DA:593,0
DA:595,0
DA:599,0
DA:603,0
DA:611,0
DA:612,0
DA:619,0
DA:620,0
DA:628,0
DA:629,0
DA:636,0
DA:640,0
DA:643,0
DA:644,0
DA:646,0
DA:655,0
DA:656,0
DA:658,0
DA:667,0
DA:668,0
DA:676,0
DA:680,0
DA:682,0
DA:684,0
DA:686,0
DA:688,0
DA:693,0
DA:695,0
DA:696,0
DA:698,0
DA:700,0
DA:701,0
DA:703,0
DA:705,0
DA:710,0
DA:712,0
DA:713,0
DA:715,0
DA:717,0
DA:722,0
DA:724,0
DA:725,0
DA:726,0
DA:728,0
DA:730,0
DA:738,0
DA:739,0
DA:742,0
DA:754,0
DA:757,0
DA:758,0
DA:761,0
DA:762,0
DA:766,0
DA:767,0
DA:770,0
DA:771,0
DA:774,0
DA:775,0
DA:778,0
DA:781,0
DA:782,0
DA:786,0
DA:787,0
DA:790,0
DA:792,0
DA:794,0
DA:801,0
DA:803,0
DA:810,0
DA:811,0
DA:812,0
DA:813,0
DA:822,0
DA:823,0
DA:825,0
DA:826,0
DA:827,0
DA:829,0
DA:833,0
DA:838,0
DA:840,0
DA:841,0
DA:844,0
DA:845,0
DA:848,0
DA:852,0
DA:858,0
DA:860,0
DA:861,0
DA:862,0
DA:863,0
DA:864,0
DA:865,0
DA:869,0
DA:870,0
DA:871,0
DA:872,0
DA:875,0
DA:876,0
DA:877,0
DA:878,0
DA:882,0
DA:883,0
DA:884,0
DA:887,0
DA:891,0
DA:893,0
DA:894,0
DA:895,0
DA:899,0
DA:901,0
DA:902,0
DA:903,0
DA:904,0
DA:906,0
DA:910,0
DA:914,0
DA:917,0
DA:918,0
DA:920,0
DA:924,0
DA:925,0
DA:927,0
DA:931,0
DA:932,0
DA:936,0
DA:944,2
DA:947,2
DA:948,4
DA:950,2
DA:953,2
LF:294
LH:45
BRDA:12,0,0,1252
BRDA:21,1,0,1253
BRDA:21,1,1,0
BRDA:21,2,0,1253
BRDA:21,2,1,1253
BRDA:21,2,2,1253
BRDA:21,2,3,1253
BRDA:46,3,0,1253
BRDA:46,3,1,0
BRDA:46,4,0,1253
BRDA:46,4,1,1253
BRDA:46,4,2,1253
BRDA:52,5,0,0
BRDA:52,5,1,5
BRDA:52,6,0,5
BRDA:52,6,1,5
BRDA:83,7,0,5
BRDA:83,7,1,0
BRDA:115,8,0,2
BRDA:115,8,1,6
BRDA:194,9,0,0
BRDA:195,10,0,1000
BRDA:195,10,1,0
BRDA:207,11,0,0
BRDA:207,11,1,1
BRDA:207,12,0,1
BRDA:207,12,1,1
BRDA:227,13,0,0
BRDA:227,13,1,0
BRDA:234,14,0,0
BRDA:234,14,1,1
BRDA:238,15,0,0
BRDA:238,15,1,1
BRDA:242,16,0,0
BRDA:242,16,1,1
BRDA:246,17,0,0
BRDA:246,17,1,1
BRDA:254,18,0,1
BRDA:254,18,1,0
BRDA:254,19,0,1
BRDA:254,19,1,1
BRDA:265,20,0,1
BRDA:265,20,1,0
BRDA:292,21,0,0
BRDA:292,21,1,0
BRDA:306,22,0,0
BRDA:306,22,1,0
BRDA:311,23,0,0
BRDA:311,23,1,0
BRDA:311,24,0,0
BRDA:311,24,1,0
BRDA:317,25,0,0
BRDA:317,25,1,0
BRDA:317,26,0,0
BRDA:317,26,1,0
BRDA:322,27,0,0
BRDA:322,27,1,0
BRDA:322,28,0,0
BRDA:322,28,1,0
BRDA:324,29,0,0
BRDA:324,29,1,0
BRDA:333,30,0,0
BRDA:333,30,1,0
BRDA:334,31,0,0
BRDA:334,31,1,0
BRDA:339,32,0,0
BRDA:339,32,1,0
BRDA:344,33,0,0
BRDA:344,33,1,0
BRDA:359,34,0,0
BRDA:359,34,1,0
BRDA:361,35,0,0
BRDA:361,35,1,0
BRDA:369,36,0,0
BRDA:369,36,1,0
BRDA:369,37,0,0
BRDA:369,37,1,0
BRDA:371,38,0,0
BRDA:371,38,1,0
BRDA:379,39,0,0
BRDA:379,39,1,0
BRDA:388,40,0,0
BRDA:388,40,1,0
BRDA:404,41,0,0
BRDA:404,41,1,0
BRDA:408,42,0,0
BRDA:408,42,1,0
BRDA:412,43,0,0
BRDA:412,43,1,0
BRDA:428,44,0,0
BRDA:428,44,1,0
BRDA:440,45,0,0
BRDA:440,45,1,0
BRDA:455,46,0,0
BRDA:455,46,1,0
BRDA:455,47,0,0
BRDA:455,47,1,0
BRDA:468,48,0,0
BRDA:468,48,1,0
BRDA:468,49,0,0
BRDA:468,49,1,0
BRDA:479,50,0,0
BRDA:479,50,1,0
BRDA:489,51,0,0
BRDA:489,51,1,0
BRDA:489,52,0,0
BRDA:489,52,1,0
BRDA:499,53,0,0
BRDA:499,53,1,0
BRDA:511,54,0,0
BRDA:511,54,1,0
BRDA:523,55,0,0
BRDA:523,55,1,0
BRDA:532,56,0,0
BRDA:532,56,1,0
BRDA:546,57,0,0
BRDA:546,57,1,0
BRDA:553,58,0,0
BRDA:553,58,1,0
BRDA:554,59,0,0
BRDA:554,59,1,0
BRDA:560,60,0,0
BRDA:561,61,0,0
BRDA:561,61,1,0
BRDA:561,61,2,0
BRDA:562,62,0,0
BRDA:562,62,1,0
BRDA:578,63,0,0
BRDA:578,63,1,0
BRDA:611,64,0,0
BRDA:611,64,1,0
BRDA:611,65,0,0
BRDA:611,65,1,0
BRDA:619,66,0,0
BRDA:619,66,1,0
BRDA:619,67,0,0
BRDA:619,67,1,0
BRDA:628,68,0,0
BRDA:628,68,1,0
BRDA:628,69,0,0
BRDA:628,69,1,0
BRDA:680,70,0,0
BRDA:680,70,1,0
BRDA:680,70,2,0
BRDA:680,70,3,0
BRDA:693,71,0,0
BRDA:693,71,1,0
BRDA:693,71,2,0
BRDA:695,72,0,0
BRDA:695,72,1,0
BRDA:695,73,0,0
BRDA:695,73,1,0
BRDA:700,74,0,0
BRDA:700,74,1,0
BRDA:700,75,0,0
BRDA:700,75,1,0
BRDA:710,76,0,0
BRDA:710,76,1,0
BRDA:712,77,0,0
BRDA:712,77,1,0
BRDA:712,78,0,0
BRDA:712,78,1,0
BRDA:722,79,0,0
BRDA:722,79,1,0
BRDA:725,80,0,0
BRDA:725,80,1,0
BRDA:737,81,0,0
BRDA:738,82,0,0
BRDA:738,82,1,0
BRDA:745,83,0,0
BRDA:745,83,1,0
BRDA:749,84,0,0
BRDA:749,84,1,0
BRDA:750,85,0,0
BRDA:750,85,1,0
BRDA:757,86,0,0
BRDA:757,86,1,0
BRDA:765,87,0,0
BRDA:766,88,0,0
BRDA:766,88,1,0
BRDA:766,89,0,0
BRDA:766,89,1,0
BRDA:770,90,0,0
BRDA:770,90,1,0
BRDA:774,91,0,0
BRDA:774,91,1,0
BRDA:781,92,0,0
BRDA:781,92,1,0
BRDA:781,93,0,0
BRDA:781,93,1,0
BRDA:812,94,0,0
BRDA:812,94,1,0
BRDA:840,95,0,0
BRDA:840,95,1,0
BRDA:844,96,0,0
BRDA:844,96,1,0
BRDA:860,97,0,0
BRDA:860,97,1,0
BRDA:860,98,0,0
BRDA:860,98,1,0
BRDA:862,99,0,0
BRDA:862,99,1,0
BRDA:864,100,0,0
BRDA:864,100,1,0
BRDA:865,101,0,0
BRDA:865,101,1,0
BRDA:869,102,0,0
BRDA:869,102,1,0
BRDA:869,103,0,0
BRDA:869,103,1,0
BRDA:875,104,0,0
BRDA:875,104,1,0
BRDA:875,105,0,0
BRDA:875,105,1,0
BRDA:894,106,0,0
BRDA:894,106,1,0
BRDA:914,107,0,0
BRDA:914,107,1,0
BRDA:914,107,2,0
BRDA:917,108,0,0
BRDA:917,108,1,0
BRDA:917,109,0,0
BRDA:917,109,1,0
BRDA:924,110,0,0
BRDA:924,110,1,0
BRDA:924,111,0,0
BRDA:924,111,1,0
BRDA:931,112,0,0
BRDA:931,112,1,0
BRDA:931,113,0,0
BRDA:931,113,1,0
BRF:231
BRH:28
end_of_record
TN:
SF:src/core/AetherAIAware.js
FN:42,(anonymous_0)
FN:64,(anonymous_1)
FN:89,(anonymous_2)
FN:91,(anonymous_3)
FN:107,(anonymous_4)
FN:109,(anonymous_5)
FN:110,(anonymous_6)
FN:119,(anonymous_7)
FN:121,(anonymous_8)
FN:147,(anonymous_9)
FN:148,(anonymous_10)
FN:169,(anonymous_11)
FN:171,(anonymous_12)
FN:184,(anonymous_13)
FN:190,(anonymous_14)
FN:202,(anonymous_15)
FN:204,(anonymous_16)
FN:208,(anonymous_17)
FN:210,(anonymous_18)
FN:222,(anonymous_19)
FN:246,(anonymous_20)
FN:248,(anonymous_21)
FN:268,(anonymous_22)
FN:269,(anonymous_23)
FN:278,(anonymous_24)
FN:299,(anonymous_25)
FN:326,(anonymous_26)
FN:346,(anonymous_27)
FN:369,(anonymous_28)
FN:387,(anonymous_29)
FN:389,(anonymous_30)
FN:391,(anonymous_31)
FN:400,(anonymous_32)
FN:406,(anonymous_33)
FN:414,(anonymous_34)
FN:421,(anonymous_35)
FN:431,(anonymous_36)
FN:435,(anonymous_37)
FN:438,(anonymous_38)
FN:439,(anonymous_39)
FN:442,(anonymous_40)
FN:446,(anonymous_41)
FN:466,(anonymous_42)
FN:470,(anonymous_43)
FN:476,(anonymous_44)
FN:487,(anonymous_45)
FN:490,(anonymous_46)
FN:502,(anonymous_47)
FN:516,(anonymous_48)
FN:538,(anonymous_49)
FN:543,(anonymous_50)
FN:559,(anonymous_51)
FN:573,(anonymous_52)
FN:585,(anonymous_53)
FN:596,(anonymous_54)
FN:605,(anonymous_55)
FN:606,(anonymous_56)
FN:611,(anonymous_57)
FN:619,(anonymous_58)
FN:623,(anonymous_59)
FN:651,(anonymous_60)
FN:652,(anonymous_61)
FN:658,(anonymous_62)
FN:677,(anonymous_63)
FN:691,(anonymous_64)
FN:692,(anonymous_65)
FN:692,(anonymous_66)
FN:705,(anonymous_67)
FN:707,(anonymous_68)
FN:708,(anonymous_69)
FN:728,(anonymous_70)
FN:730,(anonymous_71)
FN:736,(anonymous_72)
FN:743,(anonymous_73)
FN:745,(anonymous_74)
FN:748,(anonymous_75)
FN:749,(anonymous_76)
FN:752,(anonymous_77)
FN:753,(anonymous_78)
FN:758,(anonymous_79)
FN:762,(anonymous_80)
FN:763,(anonymous_81)
FN:766,(anonymous_82)
FN:767,(anonymous_83)
FN:768,(anonymous_84)
FN:769,(anonymous_85)
FN:770,(anonymous_86)
FN:778,(anonymous_87)
FN:788,(anonymous_88)
FN:792,(anonymous_89)
FN:794,(anonymous_90)
FN:795,(anonymous_91)
FN:813,(anonymous_92)
FN:823,(anonymous_93)
FN:826,(anonymous_94)
FN:840,(anonymous_95)
FN:844,(anonymous_96)
FN:855,(anonymous_97)
FN:864,(anonymous_98)
FN:876,(anonymous_99)
FN:889,(anonymous_100)
FN:894,(anonymous_101)
FN:900,(anonymous_102)
FN:903,(anonymous_103)
FN:905,(anonymous_104)
FN:917,(anonymous_105)
FN:926,(anonymous_106)
FN:935,(anonymous_107)
FN:943,withAIAwareness
FN:944,(anonymous_109)
FN:958,(anonymous_110)
FN:971,(anonymous_111)
FN:975,(anonymous_112)
FN:987,(anonymous_113)
FN:991,(anonymous_114)
FNF:115
FNH:34
FNDA:10,(anonymous_0)
FNDA:10,(anonymous_1)
FNDA:10,(anonymous_2)
FNDA:1,(anonymous_3)
FNDA:1,(anonymous_4)
FNDA:1,(anonymous_5)
FNDA:0,(anonymous_6)
FNDA:6,(anonymous_7)
FNDA:0,(anonymous_8)
FNDA:0,(anonymous_9)
FNDA:0,(anonymous_10)
FNDA:2,(anonymous_11)
FNDA:0,(anonymous_12)
FNDA:0,(anonymous_13)
FNDA:0,(anonymous_14)
FNDA:1,(anonymous_15)
FNDA:0,(anonymous_16)
FNDA:0,(anonymous_17)
FNDA:0,(anonymous_18)
FNDA:0,(anonymous_19)
FNDA:1,(anonymous_20)
FNDA:0,(anonymous_21)
FNDA:0,(anonymous_22)
FNDA:0,(anonymous_23)
FNDA:1,(anonymous_24)
FNDA:7,(anonymous_25)
FNDA:0,(anonymous_26)
FNDA:0,(anonymous_27)
FNDA:1,(anonymous_28)
FNDA:0,(anonymous_29)
FNDA:0,(anonymous_30)
FNDA:0,(anonymous_31)
FNDA:2,(anonymous_32)
FNDA:0,(anonymous_33)
FNDA:1,(anonymous_34)
FNDA:0,(anonymous_35)
FNDA:0,(anonymous_36)
FNDA:2,(anonymous_37)
FNDA:0,(anonymous_38)
FNDA:0,(anonymous_39)
FNDA:1,(anonymous_40)
FNDA:5,(anonymous_41)
FNDA:5,(anonymous_42)
FNDA:0,(anonymous_43)
FNDA:0,(anonymous_44)
FNDA:1,(anonymous_45)
FNDA:0,(anonymous_46)
FNDA:1,(anonymous_47)
FNDA:1,(anonymous_48)
FNDA:1,(anonymous_49)
FNDA:3,(anonymous_50)
FNDA:3,(anonymous_51)
FNDA:1,(anonymous_52)
FNDA:1,(anonymous_53)
FNDA:0,(anonymous_54)
FNDA:2,(anonymous_55)
FNDA:14,(anonymous_56)
FNDA:0,(anonymous_57)
FNDA:1,(anonymous_58)
FNDA:0,(anonymous_59)
FNDA:0,(anonymous_60)
FNDA:0,(anonymous_61)
FNDA:0,(anonymous_62)
FNDA:0,(anonymous_63)
FNDA:0,(anonymous_64)
FNDA:0,(anonymous_65)
FNDA:0,(anonymous_66)
FNDA:0,(anonymous_67)
FNDA:0,(anonymous_68)
FNDA:0,(anonymous_69)
FNDA:0,(anonymous_70)
FNDA:0,(anonymous_71)
FNDA:0,(anonymous_72)
FNDA:0,(anonymous_73)
FNDA:0,(anonymous_74)
FNDA:0,(anonymous_75)
FNDA:0,(anonymous_76)
FNDA:0,(anonymous_77)
FNDA:0,(anonymous_78)
FNDA:0,(anonymous_79)
FNDA:0,(anonymous_80)
FNDA:0,(anonymous_81)
FNDA:0,(anonymous_82)
FNDA:0,(anonymous_83)
FNDA:0,(anonymous_84)
FNDA:0,(anonymous_85)
FNDA:0,(anonymous_86)
FNDA:0,(anonymous_87)
FNDA:0,(anonymous_88)
FNDA:0,(anonymous_89)
FNDA:0,(anonymous_90)
FNDA:0,(anonymous_91)
FNDA:0,(anonymous_92)
FNDA:0,(anonymous_93)
FNDA:0,(anonymous_94)
FNDA:0,(anonymous_95)
FNDA:0,(anonymous_96)
FNDA:0,(anonymous_97)
FNDA:0,(anonymous_98)
FNDA:0,(anonymous_99)
FNDA:0,(anonymous_100)
FNDA:0,(anonymous_101)
FNDA:0,(anonymous_102)
FNDA:0,(anonymous_103)
FNDA:0,(anonymous_104)
FNDA:0,(anonymous_105)
FNDA:0,(anonymous_106)
FNDA:0,(anonymous_107)
FNDA:2,withAIAwareness
FNDA:2,(anonymous_109)
FNDA:2,(anonymous_110)
FNDA:2,(anonymous_111)
FNDA:0,(anonymous_112)
FNDA:0,(anonymous_113)
FNDA:0,(anonymous_114)
DA:17,6
DA:29,6
DA:43,10
DA:44,10
DA:45,10
DA:46,10
DA:49,10
DA:50,10
DA:51,10
DA:52,10
DA:55,10
DA:56,10
DA:58,10
DA:65,10
DA:66,10
DA:69,10
DA:70,6
DA:73,10
DA:74,2
DA:77,10
DA:78,1
DA:81,10
DA:82,1
DA:90,10
DA:92,1
DA:93,1
DA:95,1
DA:101,1
DA:108,1
DA:109,1
DA:110,0
DA:120,6
DA:122,0
DA:124,0
DA:125,0
DA:127,0
DA:128,0
DA:135,0
DA:141,0
DA:144,0
DA:148,0
DA:149,0
DA:151,0
DA:152,0
DA:153,0
DA:158,0
DA:161,0
DA:170,2
DA:172,0
DA:173,0
DA:175,0
DA:181,0
DA:186,0
DA:187,0
DA:189,0
DA:190,0
DA:194,0
DA:203,1
DA:205,0
DA:207,0
DA:208,0
DA:210,0
DA:211,0
DA:212,0
DA:219,0
DA:223,0
DA:225,0
DA:226,0
DA:228,0
DA:235,0
DA:238,0
DA:247,1
DA:249,0
DA:250,0
DA:252,0
DA:257,0
DA:265,0
DA:269,0
DA:270,0
DA:284,1
DA:287,1
DA:298,1
DA:299,1
DA:300,7
DA:304,1
DA:305,1
DA:306,0
DA:310,1
DA:321,1
DA:323,1
DA:324,0
DA:326,0
DA:333,1
DA:347,0
DA:349,0
DA:356,0
DA:363,0
DA:370,1
DA:379,1
DA:380,0
DA:389,0
DA:391,0
DA:392,0
DA:401,2
DA:406,0
DA:415,1
DA:423,0
DA:432,0
DA:436,2
DA:438,0
DA:439,0
DA:443,1
DA:444,1
DA:446,1
DA:447,5
DA:449,0
DA:451,0
DA:452,0
DA:453,0
DA:462,1
DA:466,5
DA:472,0
DA:473,0
DA:476,0
DA:477,0
DA:479,0
DA:483,0
DA:484,0
DA:489,1
DA:490,1
DA:492,1
DA:494,1
DA:504,1
DA:505,1
DA:508,1
DA:518,1
DA:519,1
DA:521,1
DA:522,0
DA:523,0
DA:525,0
DA:534,1
DA:540,1
DA:541,1
DA:543,1
DA:544,3
DA:545,3
DA:546,1
DA:547,1
DA:551,1
DA:561,3
DA:563,1
DA:565,1
DA:567,1
DA:569,0
DA:575,1
DA:578,1
DA:587,1
DA:589,1
DA:598,0
DA:606,14
DA:607,2
DA:610,2
DA:611,0
DA:612,0
DA:613,0
DA:616,2
DA:620,1
DA:622,1
DA:623,0
DA:624,0
DA:625,0
DA:627,0
DA:628,0
DA:629,0
DA:631,0
DA:632,0
DA:633,0
DA:635,0
DA:636,0
DA:638,0
DA:639,0
DA:644,1
DA:645,1
DA:648,1
DA:652,0
DA:654,0
DA:655,0
DA:658,0
DA:659,0
DA:661,0
DA:663,0
DA:665,0
DA:667,0
DA:671,0
DA:678,0
DA:679,0
DA:682,0
DA:691,0
DA:692,0
DA:693,0
DA:695,0
DA:704,0
DA:705,0
DA:706,0
DA:707,0
DA:708,0
DA:711,0
DA:720,0
DA:723,0
DA:725,0
DA:729,0
DA:730,0
DA:731,0
DA:734,0
DA:735,0
DA:736,0
DA:737,0
DA:740,0
DA:744,0
DA:745,0
DA:749,0
DA:753,0
DA:754,0
DA:759,0
DA:762,0
DA:763,0
DA:765,0
DA:766,0
DA:767,0
DA:768,0
DA:769,0
DA:770,0
DA:772,0
DA:773,0
DA:775,0
DA:779,0
DA:780,0
DA:781,0
DA:782,0
DA:783,0
DA:785,0
DA:789,0
DA:792,0
DA:793,0
DA:794,0
DA:795,0
DA:799,0
DA:800,0
DA:801,0
DA:808,0
DA:809,0
DA:810,0
DA:813,0
DA:814,0
DA:815,0
DA:822,0
DA:823,0
DA:824,0
DA:825,0
DA:826,0
DA:828,0
DA:837,0
DA:841,0
DA:844,0
DA:845,0
DA:846,0
DA:847,0
DA:849,0
DA:850,0
DA:855,0
DA:856,0
DA:857,0
DA:858,0
DA:863,0
DA:864,0
DA:866,0
DA:867,0
DA:870,0
DA:877,0
DA:879,0
DA:881,0
DA:883,0
DA:885,0
DA:891,0
DA:892,0
DA:894,0
DA:895,0
DA:896,0
DA:897,0
DA:900,0
DA:901,0
DA:903,0
DA:905,0
DA:906,0
DA:909,0
DA:919,0
DA:928,0
DA:936,0
DA:944,2
DA:946,2
DA:947,0
DA:951,2
DA:959,2
DA:961,2
DA:968,2
DA:973,2
DA:974,2
DA:975,2
DA:976,0
DA:982,0
DA:988,0
DA:992,0
DA:997,2
DA:1002,2
LF:315
LH:103
BRDA:42,0,0,1
BRDA:43,1,0,10
BRDA:43,1,1,1
BRDA:46,2,0,10
BRDA:46,2,1,10
BRDA:65,3,0,10
BRDA:65,3,1,0
BRDA:69,4,0,6
BRDA:69,4,1,4
BRDA:73,5,0,2
BRDA:73,5,1,8
BRDA:77,6,0,1
BRDA:77,6,1,9
BRDA:81,7,0,1
BRDA:81,7,1,9
BRDA:93,8,0,1
BRDA:93,8,1,1
BRDA:122,9,0,0
BRDA:122,9,1,0
BRDA:122,10,0,0
BRDA:122,10,1,0
BRDA:127,11,0,0
BRDA:127,11,1,0
BRDA:127,12,0,0
BRDA:127,12,1,0
BRDA:147,13,0,0
BRDA:149,14,0,0
BRDA:149,14,1,0
BRDA:151,15,0,0
BRDA:151,15,1,0
BRDA:151,16,0,0
BRDA:151,16,1,0
BRDA:205,17,0,0
BRDA:205,17,1,0
BRDA:225,18,0,0
BRDA:225,18,1,0
BRDA:225,19,0,0
BRDA:225,19,1,0
BRDA:270,20,0,0
BRDA:270,20,1,0
BRDA:278,21,0,1
BRDA:280,22,0,1
BRDA:281,23,0,1
BRDA:282,24,0,1
BRDA:283,25,0,1
BRDA:305,26,0,0
BRDA:305,26,1,1
BRDA:305,27,0,1
BRDA:305,27,1,1
BRDA:323,28,0,0
BRDA:323,28,1,1
BRDA:329,29,0,0
BRDA:329,29,1,0
BRDA:329,30,0,0
BRDA:329,30,1,0
BRDA:379,31,0,0
BRDA:379,31,1,1
BRDA:436,32,0,2
BRDA:436,32,1,0
BRDA:442,33,0,0
BRDA:447,34,0,0
BRDA:447,34,1,5
BRDA:451,35,0,0
BRDA:451,35,1,0
BRDA:456,36,0,0
BRDA:456,36,1,0
BRDA:456,37,0,0
BRDA:456,37,1,0
BRDA:473,38,0,0
BRDA:473,38,1,0
BRDA:476,39,0,0
BRDA:476,39,1,0
BRDA:476,40,0,0
BRDA:476,40,1,0
BRDA:484,41,0,0
BRDA:484,41,1,0
BRDA:492,42,0,0
BRDA:492,42,1,1
BRDA:492,43,0,0
BRDA:492,43,1,1
BRDA:498,44,0,0
BRDA:498,44,1,1
BRDA:504,45,0,1
BRDA:504,45,1,1
BRDA:505,46,0,0
BRDA:505,46,1,1
BRDA:512,47,0,0
BRDA:512,47,1,1
BRDA:518,48,0,1
BRDA:518,48,1,1
BRDA:519,49,0,1
BRDA:519,49,1,1
BRDA:521,50,0,0
BRDA:521,50,1,1
BRDA:521,51,0,1
BRDA:521,51,1,0
BRDA:523,52,0,0
BRDA:523,52,1,0
BRDA:523,53,0,0
BRDA:523,53,1,0
BRDA:545,54,0,1
BRDA:545,54,1,2
BRDA:561,55,0,1
BRDA:561,55,1,1
BRDA:561,55,2,1
BRDA:561,55,3,0
BRDA:575,56,0,0
BRDA:575,56,1,1
BRDA:581,57,0,1
BRDA:581,57,1,1
BRDA:587,58,0,1
BRDA:587,58,1,1
BRDA:592,59,0,1
BRDA:592,59,1,1
BRDA:610,60,0,0
BRDA:610,60,1,2
BRDA:610,61,0,2
BRDA:610,61,1,2
BRDA:622,62,0,0
BRDA:622,62,1,1
BRDA:624,63,0,0
BRDA:624,63,1,0
BRDA:625,64,0,0
BRDA:625,64,1,0
BRDA:625,64,2,0
BRDA:625,64,3,0
BRDA:654,65,0,0
BRDA:654,65,1,0
BRDA:659,66,0,0
BRDA:659,66,1,0
BRDA:659,66,2,0
BRDA:659,66,3,0
BRDA:677,67,0,0
BRDA:678,68,0,0
BRDA:678,68,1,0
BRDA:678,69,0,0
BRDA:678,69,1,0
BRDA:704,70,0,0
BRDA:704,70,1,0
BRDA:713,71,0,0
BRDA:713,71,1,0
BRDA:713,72,0,0
BRDA:713,72,1,0
BRDA:714,73,0,0
BRDA:714,73,1,0
BRDA:731,74,0,0
BRDA:731,74,1,0
BRDA:745,75,0,0
BRDA:745,75,1,0
BRDA:748,76,0,0
BRDA:754,77,0,0
BRDA:754,77,1,0
BRDA:759,78,0,0
BRDA:759,78,1,0
BRDA:759,79,0,0
BRDA:759,79,1,0
BRDA:762,80,0,0
BRDA:762,80,1,0
BRDA:763,81,0,0
BRDA:763,81,1,0
BRDA:775,82,0,0
BRDA:775,82,1,0
BRDA:799,83,0,0
BRDA:799,83,1,0
BRDA:800,84,0,0
BRDA:800,84,1,0
BRDA:809,85,0,0
BRDA:809,85,1,0
BRDA:814,86,0,0
BRDA:814,86,1,0
BRDA:825,87,0,0
BRDA:825,87,1,0
BRDA:833,88,0,0
BRDA:833,88,1,0
BRDA:833,89,0,0
BRDA:833,89,1,0
BRDA:833,90,0,0
BRDA:833,90,1,0
BRDA:846,91,0,0
BRDA:846,91,1,0
BRDA:849,92,0,0
BRDA:849,92,1,0
BRDA:857,93,0,0
BRDA:857,93,1,0
BRDA:866,94,0,0
BRDA:866,94,1,0
BRDA:876,95,0,0
BRDA:877,96,0,0
BRDA:877,96,1,0
BRDA:877,96,2,0
BRDA:877,96,3,0
BRDA:896,97,0,0
BRDA:896,97,1,0
BRDA:943,98,0,0
BRDA:946,99,0,0
BRDA:946,99,1,2
BRDA:962,100,0,2
BRDA:962,100,1,0
BRDA:964,101,0,2
BRDA:964,101,1,2
BRDA:974,102,0,2
BRDA:974,102,1,0
BRF:202
BRH:62
end_of_record
TN:
SF:src/core/AetherComponent.js
FN:12,(anonymous_0)
FN:36,(anonymous_1)
FN:44,(anonymous_2)
FN:46,(anonymous_3)
FN:56,(anonymous_4)
FN:76,(anonymous_5)
FN:84,(anonymous_6)
FN:91,(anonymous_7)
FN:94,(anonymous_8)
FN:97,(anonymous_9)
FN:100,(anonymous_10)
FN:113,(anonymous_11)
FN:115,(anonymous_12)
FN:130,(anonymous_13)
FN:138,(anonymous_14)
FN:146,(anonymous_15)
FN:155,(anonymous_16)
FN:163,(anonymous_17)
FN:171,(anonymous_18)
FN:179,(anonymous_19)
FN:191,(anonymous_20)
FN:205,(anonymous_21)
FN:214,(anonymous_22)
FN:221,(anonymous_23)
FN:225,(anonymous_24)
FN:229,(anonymous_25)
FN:233,(anonymous_26)
FN:241,(anonymous_27)
FN:252,(anonymous_28)
FN:261,(anonymous_29)
FN:266,(anonymous_30)
FN:279,(anonymous_31)
FNF:32
FNH:0
FNDA:0,(anonymous_0)
FNDA:0,(anonymous_1)
FNDA:0,(anonymous_2)
FNDA:0,(anonymous_3)
FNDA:0,(anonymous_4)
FNDA:0,(anonymous_5)
FNDA:0,(anonymous_6)
FNDA:0,(anonymous_7)
FNDA:0,(anonymous_8)
FNDA:0,(anonymous_9)
FNDA:0,(anonymous_10)
FNDA:0,(anonymous_11)
FNDA:0,(anonymous_12)
FNDA:0,(anonymous_13)
FNDA:0,(anonymous_14)
FNDA:0,(anonymous_15)
FNDA:0,(anonymous_16)
FNDA:0,(anonymous_17)
FNDA:0,(anonymous_18)
FNDA:0,(anonymous_19)
FNDA:0,(anonymous_20)
FNDA:0,(anonymous_21)
FNDA:0,(anonymous_22)
FNDA:0,(anonymous_23)
FNDA:0,(anonymous_24)
FNDA:0,(anonymous_25)
FNDA:0,(anonymous_26)
FNDA:0,(anonymous_27)
FNDA:0,(anonymous_28)
FNDA:0,(anonymous_29)
FNDA:0,(anonymous_30)
FNDA:0,(anonymous_31)
DA:13,0
DA:21,0
DA:22,0
DA:23,0
DA:24,0
DA:27,0
DA:30,0
DA:45,0
DA:46,0
DA:47,0
DA:48,0
DA:51,0
DA:52,0
DA:56,0
DA:57,0
DA:58,0
DA:61,0
DA:62,0
DA:65,0
DA:78,0
DA:80,0
DA:82,0
DA:84,0
DA:85,0
DA:86,0
DA:90,0
DA:92,0
DA:95,0
DA:98,0
DA:101,0
DA:106,0
DA:114,0
DA:115,0
DA:116,0
DA:118,0
DA:119,0
DA:192,0
DA:206,0
DA:215,0
DA:222,0
DA:226,0
DA:230,0
DA:234,0
DA:242,0
DA:243,0
DA:253,0
DA:254,0
DA:263,0
DA:266,0
DA:267,0
DA:269,0
DA:272,0
LF:52
LH:0
BRDA:12,0,0,0
BRDA:21,1,0,0
BRDA:21,1,1,0
BRDA:45,2,0,0
BRDA:45,2,1,0
BRDA:45,3,0,0
BRDA:45,3,1,0
BRDA:45,3,2,0
BRDA:51,4,0,0
BRDA:51,4,1,0
BRDA:51,5,0,0
BRDA:51,5,1,0
BRDA:82,6,0,0
BRDA:82,6,1,0
BRDA:114,7,0,0
BRDA:114,7,1,0
BRDA:195,8,0,0
BRDA:195,8,1,0
BRDA:195,9,0,0
BRDA:195,9,1,0
BRDA:215,10,0,0
BRDA:215,10,1,0
BRDA:242,11,0,0
BRDA:242,11,1,0
BRDA:242,12,0,0
BRDA:242,12,1,0
BRDA:253,13,0,0
BRDA:253,13,1,0
BRF:28
BRH:0
end_of_record
TN:
SF:src/core/AetherErrorBoundary.js
FN:43,(anonymous_0)
FN:79,(anonymous_1)
FN:89,(anonymous_2)
FN:92,(anonymous_3)
FN:100,(anonymous_4)
FN:114,(anonymous_5)
FN:118,(anonymous_6)
FN:128,(anonymous_7)
FN:135,(anonymous_8)
FN:170,(anonymous_9)
FN:174,(anonymous_10)
FN:187,(anonymous_11)
FN:209,(anonymous_12)
FN:228,(anonymous_13)
FN:230,(anonymous_14)
FN:234,(anonymous_15)
FN:239,(anonymous_16)
FN:243,(anonymous_17)
FN:247,(anonymous_18)
FN:258,(anonymous_19)
FN:296,(anonymous_20)
FN:349,(anonymous_21)
FN:374,(anonymous_22)
FN:407,(anonymous_23)
FN:439,(anonymous_24)
FN:468,(anonymous_25)
FN:479,(anonymous_26)
FN:483,(anonymous_27)
FN:490,(anonymous_28)
FN:495,(anonymous_29)
FN:496,(anonymous_30)
FN:499,(anonymous_31)
FN:504,(anonymous_32)
FN:509,(anonymous_33)
FN:513,(anonymous_34)
FN:517,(anonymous_35)
FN:522,(anonymous_36)
FN:527,(anonymous_37)
FN:528,(anonymous_38)
FN:534,(anonymous_39)
FN:535,(anonymous_40)
FN:539,(anonymous_41)
FN:540,(anonymous_42)
FN:543,(anonymous_43)
FN:547,(anonymous_44)
FN:552,(anonymous_45)
FN:553,(anonymous_46)
FN:554,(anonymous_47)
FN:560,(anonymous_48)
FN:571,(anonymous_49)
FN:575,(anonymous_50)
FN:580,(anonymous_51)
FN:588,(anonymous_52)
FN:596,(anonymous_53)
FN:601,(anonymous_54)
FN:605,(anonymous_55)
FN:609,(anonymous_56)
FN:613,(anonymous_57)
FN:617,(anonymous_58)
FN:621,(anonymous_59)
FN:625,(anonymous_60)
FN:629,(anonymous_61)
FN:634,(anonymous_62)
FN:638,(anonymous_63)
FN:643,(anonymous_64)
FN:647,(anonymous_65)
FN:651,(anonymous_66)
FN:659,withErrorBoundary
FN:660,(anonymous_68)
FN:674,(anonymous_69)
FN:686,(anonymous_70)
FN:690,(anonymous_71)
FN:693,(anonymous_72)
FN:708,(anonymous_73)
FN:716,(anonymous_74)
FNF:75
FNH:31
FNDA:7,(anonymous_0)
FNDA:7,(anonymous_1)
FNDA:7,(anonymous_2)
FNDA:0,(anonymous_3)
FNDA:0,(anonymous_4)
FNDA:7,(anonymous_5)
FNDA:0,(anonymous_6)
FNDA:0,(anonymous_7)
FNDA:0,(anonymous_8)
FNDA:7,(anonymous_9)
FNDA:1,(anonymous_10)
FNDA:1,(anonymous_11)
FNDA:1,(anonymous_12)
FNDA:7,(anonymous_13)
FNDA:0,(anonymous_14)
FNDA:0,(anonymous_15)
FNDA:0,(anonymous_16)
FNDA:2,(anonymous_17)
FNDA:0,(anonymous_18)
FNDA:1,(anonymous_19)
FNDA:1,(anonymous_20)
FNDA:0,(anonymous_21)
FNDA:0,(anonymous_22)
FNDA:0,(anonymous_23)
FNDA:0,(anonymous_24)
FNDA:2,(anonymous_25)
FNDA:1,(anonymous_26)
FNDA:2,(anonymous_27)
FNDA:0,(anonymous_28)
FNDA:0,(anonymous_29)
FNDA:0,(anonymous_30)
FNDA:0,(anonymous_31)
FNDA:0,(anonymous_32)
FNDA:0,(anonymous_33)
FNDA:0,(anonymous_34)
FNDA:0,(anonymous_35)
FNDA:0,(anonymous_36)
FNDA:0,(anonymous_37)
FNDA:0,(anonymous_38)
FNDA:0,(anonymous_39)
FNDA:0,(anonymous_40)
FNDA:0,(anonymous_41)
FNDA:0,(anonymous_42)
FNDA:0,(anonymous_43)
FNDA:0,(anonymous_44)
FNDA:2,(anonymous_45)
FNDA:0,(anonymous_46)
FNDA:0,(anonymous_47)
FNDA:1,(anonymous_48)
FNDA:2,(anonymous_49)
FNDA:1,(anonymous_50)
FNDA:0,(anonymous_51)
FNDA:0,(anonymous_52)
FNDA:0,(anonymous_53)
FNDA:0,(anonymous_54)
FNDA:0,(anonymous_55)
FNDA:0,(anonymous_56)
FNDA:1,(anonymous_57)
FNDA:1,(anonymous_58)
FNDA:1,(anonymous_59)
FNDA:1,(anonymous_60)
FNDA:1,(anonymous_61)
FNDA:1,(anonymous_62)
FNDA:0,(anonymous_63)
FNDA:0,(anonymous_64)
FNDA:0,(anonymous_65)
FNDA:1,(anonymous_66)
FNDA:2,withErrorBoundary
FNDA:2,(anonymous_68)
FNDA:2,(anonymous_69)
FNDA:2,(anonymous_70)
FNDA:6,(anonymous_71)
FNDA:0,(anonymous_72)
FNDA:0,(anonymous_73)
FNDA:0,(anonymous_74)
DA:18,6
DA:30,6
DA:44,7
DA:56,7
DA:57,7
DA:58,7
DA:59,7
DA:62,7
DA:63,7
DA:66,7
DA:73,7
DA:80,7
DA:81,7
DA:82,7
DA:83,7
DA:91,7
DA:92,7
DA:93,0
DA:100,7
DA:101,0
DA:115,7
DA:117,7
DA:119,0
DA:121,0
DA:122,0
DA:125,0
DA:129,0
DA:130,0
DA:132,0
DA:136,0
DA:138,0
DA:139,0
DA:146,0
DA:147,0
DA:154,0
DA:155,0
DA:162,0
DA:171,7
DA:173,7
DA:175,1
DA:183,1
DA:184,1
DA:188,1
DA:190,1
DA:191,1
DA:193,1
DA:194,1
DA:196,0
DA:199,1
DA:201,0
DA:210,1
DA:212,1
DA:220,0
DA:229,7
DA:231,0
DA:235,0
DA:236,0
DA:240,0
DA:244,2
DA:247,0
DA:259,1
DA:260,1
DA:263,1
DA:273,1
DA:274,1
DA:277,1
DA:278,1
DA:279,0
DA:280,0
DA:282,0
DA:283,0
DA:284,0
DA:286,0
DA:289,1
DA:297,1
DA:300,1
DA:302,1
DA:303,0
DA:307,1
DA:308,1
DA:309,1
DA:311,1
DA:312,1
DA:313,0
DA:323,0
DA:325,0
DA:326,0
DA:327,0
DA:329,0
DA:330,0
DA:331,0
DA:335,0
DA:339,0
DA:350,0
DA:352,0
DA:355,0
DA:358,0
DA:361,0
DA:364,0
DA:367,0
DA:375,0
DA:376,0
DA:378,0
DA:379,0
DA:380,0
DA:383,0
DA:385,0
DA:392,0
DA:393,0
DA:408,0
DA:409,0
DA:411,0
DA:412,0
DA:419,0
DA:421,0
DA:428,0
DA:440,0
DA:441,0
DA:442,0
DA:445,0
DA:448,0
DA:450,0
DA:457,0
DA:469,2
DA:480,1
DA:485,2
DA:486,2
DA:487,2
DA:492,0
DA:496,0
DA:501,0
DA:506,0
DA:510,0
DA:514,0
DA:519,0
DA:524,0
DA:528,0
DA:529,0
DA:531,0
DA:535,0
DA:536,0
DA:540,0
DA:541,0
DA:543,0
DA:544,0
DA:549,0
DA:553,2
DA:554,2
DA:556,2
DA:561,1
DA:562,1
DA:564,1
DA:572,2
DA:576,1
DA:577,1
DA:581,0
DA:590,0
DA:591,0
DA:592,0
DA:593,0
DA:598,0
DA:602,0
DA:606,0
DA:610,0
DA:614,1
DA:618,1
DA:622,1
DA:626,1
DA:631,1
DA:640,0
DA:648,0
DA:652,1
DA:660,2
DA:662,2
DA:663,0
DA:667,2
DA:675,2
DA:677,2
DA:683,2
DA:688,2
DA:690,2
DA:691,6
DA:692,6
DA:693,2
DA:694,0
DA:695,0
DA:697,0
DA:709,0
DA:717,0
DA:722,2
DA:727,2
LF:191
LH:84
BRDA:43,0,0,3
BRDA:91,1,0,7
BRDA:91,1,1,0
BRDA:115,2,0,0
BRDA:115,2,1,7
BRDA:121,3,0,0
BRDA:121,3,1,0
BRDA:138,4,0,0
BRDA:138,4,1,0
BRDA:146,5,0,0
BRDA:146,5,1,0
BRDA:154,6,0,0
BRDA:154,6,1,0
BRDA:171,7,0,0
BRDA:171,7,1,7
BRDA:193,8,0,1
BRDA:193,8,1,0
BRDA:210,9,0,0
BRDA:210,9,1,1
BRDA:258,10,0,0
BRDA:282,11,0,0
BRDA:282,11,1,0
BRDA:302,12,0,0
BRDA:302,12,1,1
BRDA:302,13,0,1
BRDA:302,13,1,0
BRDA:307,14,0,1
BRDA:307,14,1,0
BRDA:311,15,0,1
BRDA:311,15,1,0
BRDA:329,16,0,0
BRDA:329,16,1,0
BRDA:350,17,0,0
BRDA:350,17,1,0
BRDA:350,17,2,0
BRDA:350,17,3,0
BRDA:350,17,4,0
BRDA:350,17,5,0
BRDA:375,18,0,0
BRDA:375,18,1,0
BRDA:376,19,0,0
BRDA:376,19,1,0
BRDA:392,20,0,0
BRDA:392,20,1,0
BRDA:409,21,0,0
BRDA:409,21,1,0
BRDA:411,22,0,0
BRDA:411,22,1,0
BRDA:485,23,0,0
BRDA:485,23,1,2
BRDA:486,24,0,0
BRDA:486,24,1,2
BRDA:536,25,0,0
BRDA:536,25,1,0
BRDA:540,26,0,0
BRDA:540,26,1,0
BRDA:541,27,0,0
BRDA:541,27,1,0
BRDA:556,28,0,0
BRDA:556,28,1,2
BRDA:562,29,0,1
BRDA:562,29,1,1
BRDA:567,30,0,1
BRDA:567,30,1,0
BRDA:572,31,0,2
BRDA:572,31,1,0
BRDA:572,32,0,1
BRDA:572,32,1,0
BRDA:576,33,0,1
BRDA:576,33,1,0
BRDA:591,34,0,0
BRDA:591,34,1,0
BRDA:614,35,0,1
BRDA:614,35,1,0
BRDA:659,36,0,0
BRDA:662,37,0,0
BRDA:662,37,1,2
BRDA:692,38,0,2
BRDA:692,38,1,4
BRF:79
BRH:23
end_of_record
TN:
SF:src/core/AetherPrinciples.js
FN:109,(anonymous_0)
FN:117,(anonymous_1)
FN:143,(anonymous_2)
FN:180,(anonymous_3)
FN:207,(anonymous_4)
FN:234,(anonymous_5)
FN:252,(anonymous_6)
FN:270,(anonymous_7)
FN:288,(anonymous_8)
FN:306,(anonymous_9)
FN:324,(anonymous_10)
FN:328,(anonymous_11)
FN:336,(anonymous_12)
FN:347,withPrinciples
FN:348,(anonymous_14)
FN:355,(anonymous_15)
FN:371,(anonymous_16)
FN:380,(anonymous_17)
FN:380,(anonymous_18)
FN:389,(anonymous_19)
FNF:20
FNH:17
FNDA:10,(anonymous_0)
FNDA:7,(anonymous_1)
FNDA:15,(anonymous_2)
FNDA:3,(anonymous_3)
FNDA:1,(anonymous_4)
FNDA:2,(anonymous_5)
FNDA:2,(anonymous_6)
FNDA:2,(anonymous_7)
FNDA:2,(anonymous_8)
FNDA:3,(anonymous_9)
FNDA:10,(anonymous_10)
FNDA:3,(anonymous_11)
FNDA:15,(anonymous_12)
FNDA:6,withPrinciples
FNDA:6,(anonymous_14)
FNDA:6,(anonymous_15)
FNDA:6,(anonymous_16)
FNDA:0,(anonymous_17)
FNDA:0,(anonymous_18)
FNDA:0,(anonymous_19)
DA:17,6
DA:110,10
DA:111,10
DA:118,7
DA:120,7
DA:121,15
DA:122,15
DA:124,15
DA:125,2
DA:133,7
DA:144,15
DA:146,15
DA:148,3
DA:149,3
DA:151,1
DA:152,1
DA:154,2
DA:155,2
DA:157,2
DA:158,2
DA:160,2
DA:161,2
DA:163,2
DA:164,2
DA:166,3
DA:167,3
DA:170,15
DA:181,3
DA:184,3
DA:185,0
DA:193,3
DA:194,0
DA:201,3
DA:208,1
DA:211,1
DA:212,0
DA:220,1
DA:221,0
DA:228,1
DA:235,2
DA:238,2
DA:239,2
DA:246,2
DA:253,2
DA:256,2
DA:257,0
DA:264,2
DA:271,2
DA:274,2
DA:275,0
DA:282,2
DA:289,2
DA:292,2
DA:293,0
DA:300,2
DA:307,3
DA:310,3
DA:311,0
DA:318,3
DA:325,10
DA:327,3
DA:328,3
DA:330,3
DA:337,15
DA:338,2
DA:339,0
DA:340,0
DA:348,6
DA:350,6
DA:351,0
DA:356,6
DA:358,6
DA:362,6
DA:368,6
DA:372,6
DA:377,6
DA:378,0
DA:380,0
DA:385,6
DA:386,6
DA:390,0
DA:395,6
DA:400,6
LF:83
LH:69
BRDA:109,0,0,2
BRDA:117,1,0,0
BRDA:124,2,0,2
BRDA:124,2,1,13
BRDA:146,3,0,3
BRDA:146,3,1,1
BRDA:146,3,2,2
BRDA:146,3,3,2
BRDA:146,3,4,2
BRDA:146,3,5,2
BRDA:146,3,6,3
BRDA:184,4,0,0
BRDA:184,4,1,3
BRDA:184,5,0,3
BRDA:184,5,1,2
BRDA:193,6,0,0
BRDA:193,6,1,3
BRDA:193,7,0,3
BRDA:193,7,1,0
BRDA:211,8,0,0
BRDA:211,8,1,1
BRDA:211,9,0,1
BRDA:211,9,1,1
BRDA:220,10,0,0
BRDA:220,10,1,1
BRDA:220,11,0,1
BRDA:220,11,1,0
BRDA:238,12,0,2
BRDA:238,12,1,0
BRDA:238,13,0,2
BRDA:238,13,1,2
BRDA:256,14,0,0
BRDA:256,14,1,2
BRDA:256,15,0,2
BRDA:256,15,1,0
BRDA:274,16,0,0
BRDA:274,16,1,2
BRDA:274,17,0,2
BRDA:274,17,1,2
BRDA:292,18,0,0
BRDA:292,18,1,2
BRDA:292,19,0,2
BRDA:292,19,1,0
BRDA:310,20,0,0
BRDA:310,20,1,3
BRDA:310,21,0,3
BRDA:310,21,1,0
BRDA:325,22,0,7
BRDA:325,22,1,3
BRDA:337,23,0,13
BRDA:337,23,1,2
BRDA:338,24,0,2
BRDA:338,24,1,0
BRDA:339,25,0,0
BRDA:339,25,1,0
BRDA:347,26,0,0
BRDA:350,27,0,0
BRDA:350,27,1,6
BRDA:377,28,0,0
BRDA:377,28,1,6
BRDA:377,29,0,6
BRDA:377,29,1,2
BRF:62
BRH:41
end_of_record
TN:
SF:src/core/LegacyCompatibility.js
FN:16,(anonymous_0)
FN:22,(anonymous_1)
FN:57,(anonymous_2)
FN:59,(anonymous_3)
FN:79,(anonymous_4)
FN:87,(anonymous_5)
FN:102,(anonymous_6)
FN:105,(anonymous_7)
FN:113,(anonymous_8)
FN:124,(anonymous_9)
FN:137,(anonymous_10)
FN:140,(anonymous_11)
FN:155,(anonymous_12)
FN:161,(anonymous_13)
FN:165,(anonymous_14)
FN:177,(anonymous_15)
FN:188,(anonymous_16)
FN:191,(anonymous_17)
FN:192,(anonymous_18)
FN:197,(anonymous_19)
FN:198,(anonymous_20)
FN:203,(anonymous_21)
FN:204,(anonymous_22)
FN:209,(anonymous_23)
FN:210,(anonymous_24)
FN:215,(anonymous_25)
FN:216,(anonymous_26)
FN:221,(anonymous_27)
FN:222,(anonymous_28)
FN:226,(anonymous_29)
FN:229,(anonymous_30)
FN:235,resolve
FN:244,reject
FN:253,handle
FN:266,(anonymous_34)
FN:267,(anonymous_35)
FN:269,(anonymous_36)
FN:276,(anonymous_37)
FN:292,(anonymous_38)
FN:294,(anonymous_39)
FN:295,(anonymous_40)
FN:307,(anonymous_41)
FN:312,(anonymous_42)
FN:315,(anonymous_43)
FN:321,(anonymous_44)
FN:331,(anonymous_45)
FN:334,(anonymous_46)
FN:343,(anonymous_47)
FN:354,(anonymous_48)
FN:366,(anonymous_49)
FN:369,(anonymous_50)
FN:382,(anonymous_51)
FN:396,(anonymous_52)
FN:398,(anonymous_53)
FN:402,(anonymous_54)
FN:408,(anonymous_55)
FN:412,(anonymous_56)
FN:422,(anonymous_57)
FN:425,(anonymous_58)
FN:437,(anonymous_59)
FN:443,(anonymous_60)
FN:458,(anonymous_61)
FN:496,(anonymous_62)
FN:509,(anonymous_63)
FN:517,(anonymous_64)
FNF:65
FNH:0
FNDA:0,(anonymous_0)
FNDA:0,(anonymous_1)
FNDA:0,(anonymous_2)
FNDA:0,(anonymous_3)
FNDA:0,(anonymous_4)
FNDA:0,(anonymous_5)
FNDA:0,(anonymous_6)
FNDA:0,(anonymous_7)
FNDA:0,(anonymous_8)
FNDA:0,(anonymous_9)
FNDA:0,(anonymous_10)
FNDA:0,(anonymous_11)
FNDA:0,(anonymous_12)
FNDA:0,(anonymous_13)
FNDA:0,(anonymous_14)
FNDA:0,(anonymous_15)
FNDA:0,(anonymous_16)
FNDA:0,(anonymous_17)
FNDA:0,(anonymous_18)
FNDA:0,(anonymous_19)
FNDA:0,(anonymous_20)
FNDA:0,(anonymous_21)
FNDA:0,(anonymous_22)
FNDA:0,(anonymous_23)
FNDA:0,(anonymous_24)
FNDA:0,(anonymous_25)
FNDA:0,(anonymous_26)
FNDA:0,(anonymous_27)
FNDA:0,(anonymous_28)
FNDA:0,(anonymous_29)
FNDA:0,(anonymous_30)
FNDA:0,resolve
FNDA:0,reject
FNDA:0,handle
FNDA:0,(anonymous_34)
FNDA:0,(anonymous_35)
FNDA:0,(anonymous_36)
FNDA:0,(anonymous_37)
FNDA:0,(anonymous_38)
FNDA:0,(anonymous_39)
FNDA:0,(anonymous_40)
FNDA:0,(anonymous_41)
FNDA:0,(anonymous_42)
FNDA:0,(anonymous_43)
FNDA:0,(anonymous_44)
FNDA:0,(anonymous_45)
FNDA:0,(anonymous_46)
FNDA:0,(anonymous_47)
FNDA:0,(anonymous_48)
FNDA:0,(anonymous_49)
FNDA:0,(anonymous_50)
FNDA:0,(anonymous_51)
FNDA:0,(anonymous_52)
FNDA:0,(anonymous_53)
FNDA:0,(anonymous_54)
FNDA:0,(anonymous_55)
FNDA:0,(anonymous_56)
FNDA:0,(anonymous_57)
FNDA:0,(anonymous_58)
FNDA:0,(anonymous_59)
FNDA:0,(anonymous_60)
FNDA:0,(anonymous_61)
FNDA:0,(anonymous_62)
FNDA:0,(anonymous_63)
FNDA:0,(anonymous_64)
DA:17,0
DA:18,0
DA:19,0
DA:23,0
DA:58,0
DA:59,0
DA:61,0
DA:76,0
DA:80,0
DA:82,0
DA:83,0
DA:84,0
DA:89,0
DA:90,0
DA:94,0
DA:102,0
DA:107,0
DA:108,0
DA:110,0
DA:115,0
DA:116,0
DA:117,0
DA:121,0
DA:125,0
DA:137,0
DA:141,0
DA:142,0
DA:143,0
DA:144,0
DA:146,0
DA:156,0
DA:157,0
DA:158,0
DA:162,0
DA:166,0
DA:168,0
DA:169,0
DA:170,0
DA:174,0
DA:178,0
DA:179,0
DA:180,0
DA:181,0
DA:183,0
DA:190,0
DA:191,0
DA:192,0
DA:196,0
DA:197,0
DA:198,0
DA:202,0
DA:203,0
DA:204,0
DA:208,0
DA:209,0
DA:210,0
DA:214,0
DA:215,0
DA:216,0
DA:220,0
DA:221,0
DA:222,0
DA:227,0
DA:229,0
DA:230,0
DA:231,0
DA:232,0
DA:233,0
DA:236,0
DA:237,0
DA:238,0
DA:239,0
DA:240,0
DA:245,0
DA:246,0
DA:247,0
DA:248,0
DA:249,0
DA:254,0
DA:255,0
DA:257,0
DA:258,0
DA:260,0
DA:261,0
DA:266,0
DA:267,0
DA:268,0
DA:270,0
DA:271,0
DA:273,0
DA:277,0
DA:278,0
DA:280,0
DA:287,0
DA:293,0
DA:294,0
DA:295,0
DA:296,0
DA:297,0
DA:299,0
DA:301,0
DA:302,0
DA:303,0
DA:307,0
DA:308,0
DA:313,0
DA:316,0
DA:321,0
DA:322,0
DA:325,0
DA:333,0
DA:334,0
DA:335,0
DA:336,0
DA:342,0
DA:343,0
DA:344,0
DA:345,0
DA:346,0
DA:348,0
DA:353,0
DA:354,0
DA:355,0
DA:356,0
DA:357,0
DA:358,0
DA:361,0
DA:368,0
DA:369,0
DA:370,0
DA:371,0
DA:372,0
DA:373,0
DA:376,0
DA:381,0
DA:382,0
DA:383,0
DA:384,0
DA:385,0
DA:386,0
DA:387,0
DA:391,0
DA:397,0
DA:398,0
DA:399,0
DA:402,0
DA:403,0
DA:409,0
DA:411,0
DA:413,0
DA:414,0
DA:415,0
DA:416,0
DA:417,0
DA:420,0
DA:423,0
DA:426,0
DA:438,0
DA:439,0
DA:440,0
DA:444,0
DA:445,0
DA:448,0
DA:449,0
DA:452,0
DA:454,0
DA:455,0
DA:459,0
DA:461,0
DA:498,0
DA:499,0
DA:500,0
DA:502,0
DA:504,0
DA:505,0
DA:509,0
DA:510,0
DA:511,0
DA:519,0
LF:179
LH:0
BRDA:17,0,0,0
BRDA:17,0,1,0
BRDA:18,1,0,0
BRDA:18,1,1,0
BRDA:43,2,0,0
BRDA:43,2,1,0
BRDA:48,3,0,0
BRDA:48,3,1,0
BRDA:49,4,0,0
BRDA:49,4,1,0
BRDA:80,5,0,0
BRDA:80,5,1,0
BRDA:89,6,0,0
BRDA:89,6,1,0
BRDA:89,7,0,0
BRDA:89,7,1,0
BRDA:107,8,0,0
BRDA:107,8,1,0
BRDA:107,9,0,0
BRDA:107,9,1,0
BRDA:115,10,0,0
BRDA:115,10,1,0
BRDA:115,11,0,0
BRDA:115,11,1,0
BRDA:117,12,0,0
BRDA:117,12,1,0
BRDA:117,12,2,0
BRDA:141,13,0,0
BRDA:141,13,1,0
BRDA:141,14,0,0
BRDA:141,14,1,0
BRDA:141,14,2,0
BRDA:143,15,0,0
BRDA:143,15,1,0
BRDA:143,16,0,0
BRDA:143,16,1,0
BRDA:169,17,0,0
BRDA:169,17,1,0
BRDA:169,18,0,0
BRDA:169,18,1,0
BRDA:227,19,0,0
BRDA:227,19,1,0
BRDA:236,20,0,0
BRDA:236,20,1,0
BRDA:245,21,0,0
BRDA:245,21,1,0
BRDA:254,22,0,0
BRDA:254,22,1,0
BRDA:257,23,0,0
BRDA:257,23,1,0
BRDA:257,24,0,0
BRDA:257,24,1,0
BRDA:260,25,0,0
BRDA:260,25,1,0
BRDA:260,26,0,0
BRDA:260,26,1,0
BRDA:271,27,0,0
BRDA:271,27,1,0
BRDA:278,28,0,0
BRDA:278,28,1,0
BRDA:293,29,0,0
BRDA:293,29,1,0
BRDA:297,30,0,0
BRDA:297,30,1,0
BRDA:297,30,2,0
BRDA:301,31,0,0
BRDA:301,31,1,0
BRDA:301,32,0,0
BRDA:301,32,1,0
BRDA:309,33,0,0
BRDA:309,33,1,0
BRDA:325,34,0,0
BRDA:325,34,1,0
BRDA:333,35,0,0
BRDA:333,35,1,0
BRDA:342,36,0,0
BRDA:342,36,1,0
BRDA:353,37,0,0
BRDA:353,37,1,0
BRDA:357,38,0,0
BRDA:357,38,1,0
BRDA:368,39,0,0
BRDA:368,39,1,0
BRDA:372,40,0,0
BRDA:372,40,1,0
BRDA:381,41,0,0
BRDA:381,41,1,0
BRDA:386,42,0,0
BRDA:386,42,1,0
BRDA:397,43,0,0
BRDA:397,43,1,0
BRDA:409,44,0,0
BRDA:409,44,1,0
BRDA:416,45,0,0
BRDA:416,45,1,0
BRDA:463,46,0,0
BRDA:463,46,1,0
BRDA:464,47,0,0
BRDA:464,47,1,0
BRDA:465,48,0,0
BRDA:465,48,1,0
BRDA:474,49,0,0
BRDA:474,49,1,0
BRDA:480,50,0,0
BRDA:480,50,1,0
BRDA:486,51,0,0
BRDA:486,51,1,0
BRDA:487,52,0,0
BRDA:487,52,1,0
BRDA:498,53,0,0
BRDA:498,53,1,0
BRDA:504,54,0,0
BRDA:504,54,1,0
BRDA:510,55,0,0
BRDA:510,55,1,0
BRDA:521,56,0,0
BRDA:521,56,1,0
BRDA:522,57,0,0
BRDA:522,57,1,0
BRDA:523,58,0,0
BRDA:523,58,1,0
BRF:121
BRH:0
end_of_record
TN:
SF:src/data/AetherStore.js
FN:14,(anonymous_0)
FN:24,(anonymous_1)
FN:28,(anonymous_2)
FN:37,(anonymous_3)
FN:49,(anonymous_4)
FN:57,(anonymous_5)
FN:67,(anonymous_6)
FNF:7
FNH:7
FNDA:1320,(anonymous_0)
FNDA:121,(anonymous_1)
FNDA:103,(anonymous_2)
FNDA:17820,(anonymous_3)
FNDA:15774,(anonymous_4)
FNDA:17842,(anonymous_5)
FNDA:4809,(anonymous_6)
DA:15,1320
DA:16,1320
DA:25,121
DA:26,121
DA:28,121
DA:29,103
DA:38,17820
DA:39,17819
DA:40,17819
DA:50,15774
DA:58,17842
DA:59,5018
DA:68,4809
LF:13
LH:13
BRDA:38,0,0,17819
BRDA:38,0,1,1
BRF:2
BRH:2
end_of_record
TN:
SF:src/data/PersistentStore.js
FN:9,(anonymous_0)
FN:24,(anonymous_1)
FN:27,(anonymous_2)
FN:29,(anonymous_3)
FN:40,(anonymous_4)
FN:41,(anonymous_5)
FN:44,(anonymous_6)
FN:59,(anonymous_7)
FN:73,(anonymous_8)
FN:76,(anonymous_9)
FN:78,(anonymous_10)
FN:84,(anonymous_11)
FN:85,(anonymous_12)
FN:88,(anonymous_13)
FN:112,(anonymous_14)
FN:123,(anonymous_15)
FN:142,(anonymous_16)
FN:145,(anonymous_17)
FN:157,(anonymous_18)
FN:160,(anonymous_19)
FNF:20
FNH:6
FNDA:34,(anonymous_0)
FNDA:0,(anonymous_1)
FNDA:0,(anonymous_2)
FNDA:0,(anonymous_3)
FNDA:0,(anonymous_4)
FNDA:0,(anonymous_5)
FNDA:0,(anonymous_6)
FNDA:36,(anonymous_7)
FNDA:0,(anonymous_8)
FNDA:0,(anonymous_9)
FNDA:0,(anonymous_10)
FNDA:0,(anonymous_11)
FNDA:0,(anonymous_12)
FNDA:0,(anonymous_13)
FNDA:34,(anonymous_14)
FNDA:34,(anonymous_15)
FNDA:2032,(anonymous_16)
FNDA:0,(anonymous_17)
FNDA:10,(anonymous_18)
FNDA:0,(anonymous_19)
DA:6,10
DA:9,10
DA:11,34
DA:13,34
DA:14,34
DA:15,34
DA:17,1
DA:21,0
DA:22,0
DA:24,0
DA:25,0
DA:27,0
DA:29,0
DA:30,0
DA:31,0
DA:32,0
DA:33,0
DA:36,0
DA:37,0
DA:38,0
DA:40,0
DA:41,0
DA:44,0
DA:45,0
DA:46,0
DA:47,0
DA:52,0
DA:53,0
DA:56,0
DA:59,10
DA:61,36
DA:62,36
DA:63,36
DA:64,36
DA:66,1
DA:70,0
DA:71,0
DA:73,0
DA:74,0
DA:76,0
DA:78,0
DA:79,0
DA:80,0
DA:81,0
DA:82,0
DA:84,0
DA:85,0
DA:88,0
DA:89,0
DA:90,0
DA:91,0
DA:96,0
DA:113,34
DA:114,34
DA:115,34
DA:116,34
DA:124,34
DA:125,34
DA:126,23
DA:127,2
DA:130,0
DA:133,23
DA:134,23
DA:143,2032
DA:144,2032
DA:145,27
DA:146,0
DA:158,10
DA:159,10
DA:160,9
DA:161,0
LF:71
LH:29
BRDA:6,0,0,10
BRDA:6,0,1,10
BRDA:11,1,0,34
BRDA:11,1,1,0
BRDA:21,2,0,0
BRDA:21,2,1,0
BRDA:21,3,0,0
BRDA:21,3,1,0
BRDA:31,4,0,0
BRDA:31,4,1,0
BRDA:46,5,0,0
BRDA:46,5,1,0
BRDA:61,6,0,36
BRDA:61,6,1,0
BRDA:70,7,0,0
BRDA:70,7,1,0
BRDA:70,8,0,0
BRDA:70,8,1,0
BRDA:90,9,0,0
BRDA:90,9,1,0
BRDA:126,10,0,2
BRDA:126,10,1,21
BRDA:144,11,0,27
BRDA:144,11,1,2005
BRDA:159,12,0,9
BRDA:159,12,1,1
BRF:26
BRH:10
end_of_record
TN:
SF:src/hooks/useAetherStore.js
FN:14,useAetherStore
FN:20,(anonymous_1)
FN:25,(anonymous_2)
FN:26,(anonymous_3)
FN:41,useAetherStoreVanilla
FN:45,(anonymous_5)
FN:50,(anonymous_6)
FN:54,(anonymous_7)
FN:59,(anonymous_8)
FN:68,(anonymous_9)
FN:94,useSyncEngine
FN:102,(anonymous_11)
FN:110,(anonymous_12)
FN:114,(anonymous_13)
FN:120,(anonymous_14)
FN:121,(anonymous_15)
FN:122,(anonymous_16)
FN:123,(anonymous_17)
FN:124,(anonymous_18)
FN:125,(anonymous_19)
FN:142,useSyncEngineVanilla
FN:148,(anonymous_21)
FN:154,(anonymous_22)
FN:160,(anonymous_23)
FN:161,(anonymous_24)
FN:167,notifyListeners
FN:168,(anonymous_26)
FN:184,(anonymous_27)
FN:197,(anonymous_28)
FN:211,(anonymous_29)
FN:212,(anonymous_30)
FN:213,(anonymous_31)
FN:214,(anonymous_32)
FN:215,(anonymous_33)
FN:221,(anonymous_34)
FN:239,usePersistentStore
FN:244,(anonymous_36)
FN:251,(anonymous_37)
FN:265,usePersistentStoreVanilla
FN:269,(anonymous_39)
FN:280,(anonymous_40)
FN:281,(anonymous_41)
FN:289,useNetworkState
FN:298,(anonymous_43)
FN:301,(anonymous_44)
FN:302,(anonymous_45)
FN:307,(anonymous_46)
FN:325,useNetworkStateVanilla
FN:330,(anonymous_48)
FN:335,(anonymous_49)
FN:344,notifyListeners
FN:353,(anonymous_51)
FN:362,(anonymous_52)
FN:374,(anonymous_53)
FN:384,(anonymous_54)
FNF:55
FNH:28
FNDA:6,useAetherStore
FNDA:0,(anonymous_1)
FNDA:2,(anonymous_2)
FNDA:1,(anonymous_3)
FNDA:4,useAetherStoreVanilla
FNDA:4,(anonymous_5)
FNDA:2,(anonymous_6)
FNDA:4,(anonymous_7)
FNDA:4,(anonymous_8)
FNDA:1,(anonymous_9)
FNDA:4,useSyncEngine
FNDA:1,(anonymous_11)
FNDA:0,(anonymous_12)
FNDA:0,(anonymous_13)
FNDA:1,(anonymous_14)
FNDA:0,(anonymous_15)
FNDA:0,(anonymous_16)
FNDA:0,(anonymous_17)
FNDA:0,(anonymous_18)
FNDA:0,(anonymous_19)
FNDA:3,useSyncEngineVanilla
FNDA:3,(anonymous_21)
FNDA:0,(anonymous_22)
FNDA:0,(anonymous_23)
FNDA:0,(anonymous_24)
FNDA:3,notifyListeners
FNDA:0,(anonymous_26)
FNDA:0,(anonymous_27)
FNDA:0,(anonymous_28)
FNDA:1,(anonymous_29)
FNDA:1,(anonymous_30)
FNDA:1,(anonymous_31)
FNDA:0,(anonymous_32)
FNDA:0,(anonymous_33)
FNDA:1,(anonymous_34)
FNDA:4,usePersistentStore
FNDA:1,(anonymous_36)
FNDA:0,(anonymous_37)
FNDA:3,usePersistentStoreVanilla
FNDA:2,(anonymous_39)
FNDA:0,(anonymous_40)
FNDA:0,(anonymous_41)
FNDA:5,useNetworkState
FNDA:1,(anonymous_43)
FNDA:0,(anonymous_44)
FNDA:0,(anonymous_45)
FNDA:0,(anonymous_46)
FNDA:4,useNetworkStateVanilla
FNDA:0,(anonymous_48)
FNDA:0,(anonymous_49)
FNDA:0,notifyListeners
FNDA:0,(anonymous_51)
FNDA:1,(anonymous_52)
FNDA:0,(anonymous_53)
FNDA:2,(anonymous_54)
DA:16,6
DA:17,4
DA:20,2
DA:21,0
DA:22,0
DA:25,2
DA:26,2
DA:27,1
DA:28,1
DA:31,2
DA:34,2
DA:42,4
DA:43,4
DA:45,4
DA:46,4
DA:47,4
DA:50,4
DA:51,2
DA:54,2
DA:55,4
DA:56,4
DA:59,4
DA:60,4
DA:61,4
DA:63,0
DA:68,2
DA:70,1
DA:71,1
DA:72,1
DA:76,1
DA:77,1
DA:82,4
DA:95,4
DA:96,3
DA:99,1
DA:100,1
DA:102,1
DA:104,1
DA:107,1
DA:110,1
DA:111,0
DA:114,1
DA:115,0
DA:116,0
DA:120,1
DA:121,0
DA:122,0
DA:123,0
DA:124,0
DA:125,0
DA:128,1
DA:143,3
DA:144,3
DA:145,3
DA:148,3
DA:149,3
DA:150,3
DA:154,3
DA:155,0
DA:156,0
DA:160,3
DA:161,0
DA:162,0
DA:163,0
DA:168,3
DA:169,0
DA:170,0
DA:179,0
DA:184,3
DA:185,0
DA:188,0
DA:197,0
DA:198,0
DA:199,0
DA:200,0
DA:203,0
DA:204,0
DA:205,0
DA:210,3
DA:211,1
DA:212,1
DA:213,1
DA:214,0
DA:215,0
DA:218,3
DA:221,1
DA:240,4
DA:241,3
DA:244,1
DA:245,1
DA:246,1
DA:249,1
DA:251,1
DA:252,0
DA:253,0
DA:255,0
DA:259,1
DA:266,3
DA:267,3
DA:269,3
DA:270,2
DA:271,1
DA:273,1
DA:277,3
DA:280,0
DA:281,0
DA:290,5
DA:291,4
DA:294,1
DA:298,1
DA:299,1
DA:301,1
DA:302,1
DA:304,1
DA:305,1
DA:307,1
DA:308,0
DA:309,0
DA:313,1
DA:326,4
DA:327,4
DA:329,4
DA:330,4
DA:331,0
DA:332,0
DA:335,4
DA:336,0
DA:337,0
DA:340,4
DA:341,4
DA:345,0
DA:353,0
DA:354,0
DA:355,0
DA:357,0
DA:362,4
DA:363,1
DA:366,1
DA:374,1
DA:375,0
DA:376,0
DA:377,0
DA:382,4
DA:384,2
LF:144
LH:95
BRDA:14,0,0,4
BRDA:16,1,0,4
BRDA:16,1,1,2
BRDA:22,2,0,0
BRDA:22,2,1,0
BRDA:27,3,0,0
BRDA:27,3,1,1
BRDA:41,4,0,0
BRDA:47,5,0,2
BRDA:47,5,1,2
BRDA:55,6,0,2
BRDA:55,6,1,2
BRDA:71,7,0,1
BRDA:71,7,1,0
BRDA:76,8,0,1
BRDA:76,8,1,0
BRDA:95,9,0,3
BRDA:95,9,1,1
BRDA:199,10,0,0
BRDA:199,10,1,0
BRDA:203,11,0,0
BRDA:203,11,1,0
BRDA:239,12,0,4
BRDA:240,13,0,3
BRDA:240,13,1,1
BRDA:252,14,0,0
BRDA:252,14,1,0
BRDA:265,15,0,0
BRDA:270,16,0,1
BRDA:270,16,1,1
BRDA:290,17,0,4
BRDA:290,17,1,1
BRDA:295,18,0,1
BRDA:295,18,1,0
BRDA:299,19,0,0
BRDA:299,19,1,1
BRDA:316,20,0,1
BRDA:316,20,1,0
BRDA:316,21,0,1
BRDA:316,21,1,1
BRDA:326,22,0,4
BRDA:326,22,1,0
BRDA:329,23,0,4
BRDA:329,23,1,0
BRDA:348,24,0,0
BRDA:348,24,1,0
BRDA:348,25,0,0
BRDA:348,25,1,0
BRDA:369,26,0,1
BRDA:369,26,1,0
BRDA:369,27,0,1
BRDA:369,27,1,1
BRDA:376,28,0,0
BRDA:376,28,1,0
BRDA:387,29,0,1
BRDA:387,29,1,1
BRDA:387,30,0,2
BRDA:387,30,1,2
BRF:58
BRH:33
end_of_record
TN:
SF:src/scheduler/CarbonAwareScheduler.js
FN:13,(anonymous_0)
FN:64,(anonymous_1)
FN:74,(anonymous_2)
FN:118,(anonymous_3)
FN:130,(anonymous_4)
FN:133,(anonymous_5)
FN:144,(anonymous_6)
FN:168,(anonymous_7)
FN:180,(anonymous_8)
FN:191,(anonymous_9)
FN:231,(anonymous_10)
FN:262,(anonymous_11)
FN:278,(anonymous_12)
FN:304,(anonymous_13)
FN:334,(anonymous_14)
FN:360,(anonymous_15)
FN:396,(anonymous_16)
FN:429,(anonymous_17)
FN:471,(anonymous_18)
FN:494,(anonymous_19)
FN:536,(anonymous_20)
FN:571,(anonymous_21)
FN:580,(anonymous_22)
FN:590,(anonymous_23)
FN:593,(anonymous_24)
FN:608,(anonymous_25)
FN:617,(anonymous_26)
FN:626,(anonymous_27)
FN:666,(anonymous_28)
FN:725,(anonymous_29)
FN:756,(anonymous_30)
FN:769,(anonymous_31)
FN:777,(anonymous_32)
FN:784,(anonymous_33)
FN:795,(anonymous_34)
FN:799,(anonymous_35)
FN:810,(anonymous_36)
FN:821,(anonymous_37)
FN:830,(anonymous_38)
FN:843,(anonymous_39)
FN:850,(anonymous_40)
FN:862,(anonymous_41)
FN:864,(anonymous_42)
FN:872,(anonymous_43)
FN:874,(anonymous_44)
FN:879,(anonymous_45)
FN:884,(anonymous_46)
FN:886,(anonymous_47)
FN:891,(anonymous_48)
FN:905,(anonymous_49)
FN:919,(anonymous_50)
FN:923,(anonymous_51)
FN:937,(anonymous_52)
FN:960,(anonymous_53)
FN:967,(anonymous_54)
FN:976,(anonymous_55)
FN:983,(anonymous_56)
FN:989,(anonymous_57)
FN:995,(anonymous_58)
FN:1001,(anonymous_59)
FN:1010,(anonymous_60)
FN:1019,(anonymous_61)
FN:1028,(anonymous_62)
FN:1043,(anonymous_63)
FNF:64
FNH:26
FNDA:18,(anonymous_0)
FNDA:18,(anonymous_1)
FNDA:627,(anonymous_2)
FNDA:0,(anonymous_3)
FNDA:0,(anonymous_4)
FNDA:0,(anonymous_5)
FNDA:18,(anonymous_6)
FNDA:18,(anonymous_7)
FNDA:18,(anonymous_8)
FNDA:18,(anonymous_9)
FNDA:0,(anonymous_10)
FNDA:0,(anonymous_11)
FNDA:0,(anonymous_12)
FNDA:0,(anonymous_13)
FNDA:18,(anonymous_14)
FNDA:0,(anonymous_15)
FNDA:0,(anonymous_16)
FNDA:0,(anonymous_17)
FNDA:18,(anonymous_18)
FNDA:0,(anonymous_19)
FNDA:0,(anonymous_20)
FNDA:18,(anonymous_21)
FNDA:18,(anonymous_22)
FNDA:0,(anonymous_23)
FNDA:0,(anonymous_24)
FNDA:627,(anonymous_25)
FNDA:0,(anonymous_26)
FNDA:627,(anonymous_27)
FNDA:627,(anonymous_28)
FNDA:627,(anonymous_29)
FNDA:0,(anonymous_30)
FNDA:0,(anonymous_31)
FNDA:0,(anonymous_32)
FNDA:0,(anonymous_33)
FNDA:627,(anonymous_34)
FNDA:627,(anonymous_35)
FNDA:0,(anonymous_36)
FNDA:627,(anonymous_37)
FNDA:627,(anonymous_38)
FNDA:604,(anonymous_39)
FNDA:604,(anonymous_40)
FNDA:604,(anonymous_41)
FNDA:43476,(anonymous_42)
FNDA:18,(anonymous_43)
FNDA:0,(anonymous_44)
FNDA:0,(anonymous_45)
FNDA:18,(anonymous_46)
FNDA:0,(anonymous_47)
FNDA:0,(anonymous_48)
FNDA:0,(anonymous_49)
FNDA:0,(anonymous_50)
FNDA:18,(anonymous_51)
FNDA:0,(anonymous_52)
FNDA:0,(anonymous_53)
FNDA:0,(anonymous_54)
FNDA:0,(anonymous_55)
FNDA:0,(anonymous_56)
FNDA:0,(anonymous_57)
FNDA:0,(anonymous_58)
FNDA:0,(anonymous_59)
FNDA:0,(anonymous_60)
FNDA:0,(anonymous_61)
FNDA:0,(anonymous_62)
FNDA:0,(anonymous_63)
DA:14,18
DA:25,18
DA:34,18
DA:42,18
DA:50,18
DA:58,18
DA:65,18
DA:66,18
DA:67,18
DA:68,18
DA:76,627
DA:77,627
DA:78,0
DA:79,0
DA:82,627
DA:101,627
DA:102,627
DA:105,627
DA:106,0
DA:110,627
DA:112,627
DA:119,0
DA:120,0
DA:131,0
DA:134,0
DA:138,0
DA:145,18
DA:146,0
DA:147,0
DA:150,18
DA:152,18
DA:154,18
DA:155,18
DA:156,18
DA:159,18
DA:166,18
DA:167,18
DA:168,18
DA:172,0
DA:173,0
DA:182,18
DA:183,18
DA:184,18
DA:188,0
DA:192,18
DA:194,18
DA:195,18
DA:198,18
DA:199,0
DA:200,0
DA:204,18
DA:205,0
DA:206,0
DA:210,18
DA:211,0
DA:212,0
DA:216,18
DA:217,18
DA:218,18
DA:221,0
DA:223,0
DA:224,0
DA:232,0
DA:235,0
DA:244,0
DA:245,0
DA:246,0
DA:248,0
DA:263,0
DA:265,0
DA:267,0
DA:268,0
DA:269,0
DA:272,0
DA:273,0
DA:275,0
DA:276,0
DA:278,0
DA:279,0
DA:280,0
DA:282,0
DA:283,0
DA:284,0
DA:288,0
DA:297,0
DA:301,0
DA:305,0
DA:306,0
DA:310,0
DA:311,0
DA:312,0
DA:313,0
DA:315,0
DA:318,0
DA:319,0
DA:321,0
DA:322,0
DA:325,0
DA:335,18
DA:336,18
DA:338,18
DA:339,18
DA:340,18
DA:341,0
DA:342,0
DA:344,0
DA:346,0
DA:355,0
DA:357,18
DA:361,0
DA:363,0
DA:365,0
DA:366,0
DA:372,0
DA:373,0
DA:374,0
DA:375,0
DA:377,0
DA:379,0
DA:391,0
DA:393,0
DA:397,0
DA:399,0
DA:401,0
DA:407,0
DA:408,0
DA:409,0
DA:410,0
DA:412,0
DA:414,0
DA:424,0
DA:426,0
DA:430,0
DA:432,0
DA:434,0
DA:449,0
DA:450,0
DA:451,0
DA:452,0
DA:454,0
DA:456,0
DA:466,0
DA:468,0
DA:472,18
DA:473,18
DA:479,18
DA:480,0
DA:483,18
DA:484,18
DA:486,0
DA:487,0
DA:495,0
DA:496,0
DA:502,0
DA:505,0
DA:506,0
DA:507,0
DA:510,0
DA:511,0
DA:512,0
DA:515,0
DA:516,0
DA:517,0
DA:521,0
DA:522,0
DA:525,0
DA:537,0
DA:538,0
DA:540,0
DA:542,0
DA:543,0
DA:546,0
DA:547,0
DA:550,0
DA:551,0
DA:555,0
DA:558,0
DA:565,0
DA:572,18
DA:573,18
DA:574,18
DA:582,18
DA:583,18
DA:585,18
DA:586,18
DA:589,18
DA:590,0
DA:591,0
DA:592,0
DA:595,0
DA:596,0
DA:600,18
DA:601,18
DA:609,627
DA:610,627
DA:612,627
DA:614,627
DA:617,0
DA:618,0
DA:627,627
DA:628,627
DA:629,627
DA:632,627
DA:633,0
DA:637,627
DA:638,0
DA:642,627
DA:643,627
DA:644,627
DA:646,627
DA:647,0
DA:650,0
DA:652,0
DA:654,0
DA:655,0
DA:656,0
DA:660,627
DA:667,627
DA:670,627
DA:674,627
DA:676,0
DA:677,0
DA:679,620
DA:680,620
DA:682,7
DA:683,7
DA:687,627
DA:688,627
DA:689,627
DA:692,627
DA:693,627
DA:696,7
DA:697,7
DA:699,0
DA:700,0
DA:703,0
DA:704,0
DA:709,627
DA:710,7
DA:711,7
DA:712,0
DA:713,0
DA:714,0
DA:715,0
DA:719,627
DA:726,627
DA:727,627
DA:728,627
DA:730,627
DA:734,627
DA:735,0
DA:737,627
DA:741,604
DA:742,604
DA:745,604
DA:747,604
DA:748,604
DA:751,0
DA:754,0
DA:755,0
DA:756,0
DA:757,0
DA:760,0
DA:761,0
DA:770,0
DA:771,0
DA:773,0
DA:774,0
DA:776,0
DA:777,0
DA:780,0
DA:783,0
DA:784,0
DA:788,0
DA:796,627
DA:800,627
DA:801,0
DA:802,200
DA:803,260
DA:804,167
DA:805,0
DA:806,0
DA:811,0
DA:812,0
DA:813,0
DA:814,0
DA:815,0
DA:816,0
DA:817,0
DA:823,627
DA:824,627
DA:825,627
DA:827,627
DA:831,627
DA:840,627
DA:844,604
DA:845,604
DA:847,604
DA:852,604
DA:853,604
DA:856,604
DA:857,604
DA:859,604
DA:863,604
DA:864,43476
DA:865,1779
DA:866,604
DA:867,604
DA:874,18
DA:875,0
DA:879,18
DA:880,0
DA:886,18
DA:887,0
DA:893,0
DA:894,0
DA:896,0
DA:897,0
DA:898,0
DA:899,0
DA:906,0
DA:907,0
DA:910,0
DA:911,0
DA:915,0
DA:916,0
DA:920,0
DA:926,18
DA:938,0
DA:939,0
DA:941,0
DA:942,0
DA:943,0
DA:946,0
DA:961,0
DA:968,0
DA:970,0
DA:971,0
DA:972,0
DA:975,0
DA:976,0
DA:979,0
DA:984,0
DA:985,0
DA:986,0
DA:990,0
DA:991,0
DA:992,0
DA:996,0
DA:997,0
DA:998,0
DA:1002,0
DA:1011,0
DA:1020,0
DA:1029,0
DA:1030,0
DA:1044,0
LF:357
LH:132
BRDA:13,0,0,4
BRDA:17,1,0,18
BRDA:17,1,1,18
BRDA:18,2,0,18
BRDA:18,2,1,18
BRDA:19,3,0,18
BRDA:19,3,1,18
BRDA:20,4,0,18
BRDA:20,4,1,18
BRDA:74,5,0,0
BRDA:74,6,0,20
BRDA:77,7,0,0
BRDA:77,7,1,627
BRDA:88,8,0,627
BRDA:88,8,1,627
BRDA:97,9,0,627
BRDA:97,9,1,627
BRDA:105,10,0,0
BRDA:105,10,1,627
BRDA:118,11,0,0
BRDA:118,12,0,0
BRDA:127,13,0,0
BRDA:127,13,1,0
BRDA:134,14,0,0
BRDA:134,14,1,0
BRDA:145,15,0,0
BRDA:145,15,1,18
BRDA:154,16,0,18
BRDA:154,16,1,0
BRDA:162,17,0,18
BRDA:162,17,1,18
BRDA:183,18,0,18
BRDA:183,18,1,0
BRDA:195,19,0,0
BRDA:195,19,1,18
BRDA:198,20,0,0
BRDA:198,20,1,18
BRDA:200,21,0,0
BRDA:200,21,1,0
BRDA:204,22,0,0
BRDA:204,22,1,18
BRDA:206,23,0,0
BRDA:206,23,1,0
BRDA:210,24,0,0
BRDA:210,24,1,18
BRDA:212,25,0,0
BRDA:212,25,1,0
BRDA:216,26,0,18
BRDA:216,26,1,0
BRDA:218,27,0,18
BRDA:218,27,1,0
BRDA:231,28,0,0
BRDA:244,29,0,0
BRDA:244,29,1,0
BRDA:245,30,0,0
BRDA:245,30,1,0
BRDA:255,31,0,0
BRDA:255,31,1,0
BRDA:262,32,0,0
BRDA:267,33,0,0
BRDA:267,33,1,0
BRDA:269,34,0,0
BRDA:269,34,1,0
BRDA:282,35,0,0
BRDA:282,35,1,0
BRDA:282,36,0,0
BRDA:282,36,1,0
BRDA:282,36,2,0
BRDA:290,37,0,0
BRDA:290,37,1,0
BRDA:292,38,0,0
BRDA:292,38,1,0
BRDA:292,39,0,0
BRDA:292,39,1,0
BRDA:293,40,0,0
BRDA:293,40,1,0
BRDA:310,41,0,0
BRDA:310,41,1,0
BRDA:312,42,0,0
BRDA:312,42,1,0
BRDA:321,43,0,0
BRDA:321,43,1,0
BRDA:338,44,0,18
BRDA:338,44,1,0
BRDA:340,45,0,0
BRDA:340,45,1,18
BRDA:340,46,0,18
BRDA:340,46,1,0
BRDA:341,47,0,0
BRDA:341,47,1,0
BRDA:372,48,0,0
BRDA:372,48,1,0
BRDA:385,49,0,0
BRDA:385,49,1,0
BRDA:386,50,0,0
BRDA:386,50,1,0
BRDA:397,51,0,0
BRDA:397,51,1,0
BRDA:407,52,0,0
BRDA:407,52,1,0
BRDA:420,53,0,0
BRDA:420,53,1,0
BRDA:430,54,0,0
BRDA:430,54,1,0
BRDA:449,55,0,0
BRDA:449,55,1,0
BRDA:474,56,0,0
BRDA:474,56,1,18
BRDA:479,57,0,0
BRDA:479,57,1,18
BRDA:502,58,0,0
BRDA:502,58,1,0
BRDA:505,59,0,0
BRDA:505,59,1,0
BRDA:505,60,0,0
BRDA:505,60,1,0
BRDA:507,61,0,0
BRDA:507,61,1,0
BRDA:510,62,0,0
BRDA:510,62,1,0
BRDA:510,63,0,0
BRDA:510,63,1,0
BRDA:512,64,0,0
BRDA:512,64,1,0
BRDA:515,65,0,0
BRDA:515,65,1,0
BRDA:515,66,0,0
BRDA:515,66,1,0
BRDA:517,67,0,0
BRDA:517,67,1,0
BRDA:522,68,0,0
BRDA:522,68,1,0
BRDA:546,69,0,0
BRDA:546,69,1,0
BRDA:546,70,0,0
BRDA:546,70,1,0
BRDA:550,71,0,0
BRDA:550,71,1,0
BRDA:550,72,0,0
BRDA:550,72,1,0
BRDA:572,73,0,0
BRDA:572,73,1,18
BRDA:573,74,0,0
BRDA:573,74,1,18
BRDA:589,75,0,0
BRDA:589,75,1,18
BRDA:612,76,0,627
BRDA:612,76,1,0
BRDA:632,77,0,0
BRDA:632,77,1,627
BRDA:637,78,0,0
BRDA:637,78,1,627
BRDA:642,79,0,627
BRDA:642,79,1,0
BRDA:650,80,0,0
BRDA:650,80,1,0
BRDA:654,81,0,0
BRDA:654,81,1,0
BRDA:666,82,0,627
BRDA:670,83,0,0
BRDA:670,83,1,627
BRDA:674,84,0,0
BRDA:674,84,1,620
BRDA:674,84,2,7
BRDA:692,85,0,627
BRDA:692,85,1,0
BRDA:693,86,0,7
BRDA:693,86,1,7
BRDA:693,86,2,0
BRDA:693,86,3,0
BRDA:693,86,4,0
BRDA:709,87,0,7
BRDA:709,87,1,620
BRDA:709,88,0,627
BRDA:709,88,1,627
BRDA:710,89,0,7
BRDA:710,89,1,0
BRDA:712,90,0,0
BRDA:712,90,1,0
BRDA:714,91,0,0
BRDA:714,91,1,0
BRDA:734,92,0,0
BRDA:734,92,1,627
BRDA:754,93,0,0
BRDA:754,93,1,0
BRDA:783,94,0,0
BRDA:783,94,1,0
BRDA:800,95,0,0
BRDA:800,95,1,200
BRDA:800,95,2,260
BRDA:800,95,3,167
BRDA:800,95,4,0
BRDA:800,95,5,0
BRDA:811,96,0,0
BRDA:811,96,1,0
BRDA:811,96,2,0
BRDA:811,96,3,0
BRDA:811,96,4,0
BRDA:811,96,5,0
BRDA:825,97,0,627
BRDA:825,97,1,120
BRDA:840,98,0,627
BRDA:840,98,1,627
BRDA:853,99,0,0
BRDA:853,99,1,604
BRDA:854,100,0,600
BRDA:854,100,1,4
BRDA:865,101,0,604
BRDA:865,101,1,1175
BRDA:898,102,0,0
BRDA:898,102,1,0
BRDA:910,103,0,0
BRDA:910,103,1,0
BRDA:929,104,0,18
BRDA:929,104,1,18
BRDA:1031,105,0,0
BRDA:1031,105,1,0
BRF:217
BRH:66
end_of_record
TN:
SF:src/sync/SyncEngine.js
FN:45,(anonymous_0)
FN:80,(anonymous_1)
FN:101,(anonymous_2)
FN:104,(anonymous_3)
FN:110,(anonymous_4)
FN:121,(anonymous_5)
FN:137,(anonymous_6)
FN:138,(anonymous_7)
FN:146,(anonymous_8)
FN:154,(anonymous_9)
FN:168,(anonymous_10)
FN:170,(anonymous_11)
FN:185,(anonymous_12)
FN:193,(anonymous_13)
FN:206,(anonymous_14)
FN:214,(anonymous_15)
FN:223,(anonymous_16)
FN:233,(anonymous_17)
FN:257,(anonymous_18)
FN:265,(anonymous_19)
FN:273,(anonymous_20)
FN:367,(anonymous_21)
FN:377,(anonymous_22)
FN:396,(anonymous_23)
FN:414,(anonymous_24)
FN:436,(anonymous_25)
FN:439,(anonymous_26)
FN:440,(anonymous_27)
FN:443,(anonymous_28)
FN:444,(anonymous_29)
FN:462,(anonymous_30)
FN:499,(anonymous_31)
FN:516,(anonymous_32)
FN:520,(anonymous_33)
FN:521,(anonymous_34)
FN:527,(anonymous_35)
FN:535,(anonymous_36)
FN:540,(anonymous_37)
FN:541,(anonymous_38)
FN:551,(anonymous_39)
FN:564,(anonymous_40)
FN:576,(anonymous_41)
FN:588,(anonymous_42)
FN:597,(anonymous_43)
FN:608,(anonymous_44)
FN:611,(anonymous_45)
FN:622,(anonymous_46)
FN:624,(anonymous_47)
FN:635,(anonymous_48)
FN:641,(anonymous_49)
FN:642,(anonymous_50)
FN:643,(anonymous_51)
FN:645,(anonymous_52)
FN:647,(anonymous_53)
FN:655,(anonymous_54)
FN:673,(anonymous_55)
FN:675,(anonymous_56)
FN:696,(anonymous_57)
FN:698,(anonymous_58)
FN:736,(anonymous_59)
FN:781,(anonymous_60)
FN:805,(anonymous_61)
FN:815,(anonymous_62)
FN:822,(anonymous_63)
FN:831,(anonymous_64)
FN:841,(anonymous_65)
FNF:66
FNH:54
FNDA:42,(anonymous_0)
FNDA:42,(anonymous_1)
FNDA:42,(anonymous_2)
FNDA:1,(anonymous_3)
FNDA:0,(anonymous_4)
FNDA:42,(anonymous_5)
FNDA:2604,(anonymous_6)
FNDA:2604,(anonymous_7)
FNDA:3,(anonymous_8)
FNDA:518,(anonymous_9)
FNDA:5643,(anonymous_10)
FNDA:0,(anonymous_11)
FNDA:1,(anonymous_12)
FNDA:0,(anonymous_13)
FNDA:2,(anonymous_14)
FNDA:0,(anonymous_15)
FNDA:1,(anonymous_16)
FNDA:2013,(anonymous_17)
FNDA:10,(anonymous_18)
FNDA:2013,(anonymous_19)
FNDA:25,(anonymous_20)
FNDA:7,(anonymous_21)
FNDA:7,(anonymous_22)
FNDA:7,(anonymous_23)
FNDA:7,(anonymous_24)
FNDA:4,(anonymous_25)
FNDA:8,(anonymous_26)
FNDA:8,(anonymous_27)
FNDA:10,(anonymous_28)
FNDA:19,(anonymous_29)
FNDA:517,(anonymous_30)
FNDA:2,(anonymous_31)
FNDA:6,(anonymous_32)
FNDA:506,(anonymous_33)
FNDA:125255,(anonymous_34)
FNDA:1,(anonymous_35)
FNDA:1,(anonymous_36)
FNDA:1,(anonymous_37)
FNDA:1,(anonymous_38)
FNDA:1,(anonymous_39)
FNDA:1,(anonymous_40)
FNDA:0,(anonymous_41)
FNDA:511,(anonymous_42)
FNDA:0,(anonymous_43)
FNDA:1,(anonymous_44)
FNDA:1,(anonymous_45)
FNDA:6,(anonymous_46)
FNDA:1005,(anonymous_47)
FNDA:2,(anonymous_48)
FNDA:2,(anonymous_49)
FNDA:2,(anonymous_50)
FNDA:2,(anonymous_51)
FNDA:2,(anonymous_52)
FNDA:2,(anonymous_53)
FNDA:1,(anonymous_54)
FNDA:1,(anonymous_55)
FNDA:2,(anonymous_56)
FNDA:0,(anonymous_57)
FNDA:0,(anonymous_58)
FNDA:1,(anonymous_59)
FNDA:0,(anonymous_60)
FNDA:0,(anonymous_61)
FNDA:1,(anonymous_62)
FNDA:0,(anonymous_63)
FNDA:0,(anonymous_64)
FNDA:1,(anonymous_65)
DA:9,9
DA:12,9
DA:21,9
DA:46,42
DA:47,42
DA:48,42
DA:49,42
DA:50,42
DA:51,42
DA:52,42
DA:53,42
DA:56,42
DA:66,42
DA:69,42
DA:71,42
DA:72,42
DA:73,42
DA:82,42
DA:83,16
DA:90,42
DA:91,16
DA:103,42
DA:104,42
DA:105,1
DA:106,1
DA:107,1
DA:110,42
DA:111,0
DA:112,0
DA:122,42
DA:123,42
DA:138,2604
DA:139,2604
DA:147,3
DA:155,518
DA:157,518
DA:158,518
DA:160,518
DA:161,518
DA:169,5643
DA:170,5643
DA:171,0
DA:172,0
DA:174,0
DA:186,1
DA:187,1
DA:190,1
DA:193,1
DA:194,0
DA:195,0
DA:196,0
DA:197,0
DA:207,2
DA:215,0
DA:224,1
DA:235,2013
DA:243,2013
DA:244,2013
DA:245,2013
DA:248,2013
DA:249,2013
DA:256,2013
DA:257,2013
DA:266,2013
DA:275,25
DA:276,1
DA:277,1
DA:280,24
DA:281,1
DA:282,1
DA:283,1
DA:286,23
DA:288,23
DA:289,10
DA:294,10
DA:298,13
DA:299,7
DA:303,6
DA:304,6
DA:310,6
DA:311,6
DA:312,6
DA:313,6
DA:315,6
DA:318,6
DA:319,506
DA:321,506
DA:323,506
DA:326,506
DA:328,506
DA:329,505
DA:330,505
DA:335,1
DA:342,506
DA:345,0
DA:346,0
DA:355,6
DA:358,6
DA:360,6
DA:368,7
DA:371,7
DA:373,7
DA:374,7
DA:378,7
DA:384,7
DA:397,7
DA:399,7
DA:400,510
DA:401,510
DA:402,7
DA:404,510
DA:407,7
DA:415,7
DA:417,7
DA:418,11
DA:419,11
DA:420,8
DA:422,0
DA:427,4
DA:429,4
DA:437,4
DA:438,4
DA:439,8
DA:440,8
DA:443,4
DA:444,10
DA:445,19
DA:449,4
DA:452,4
DA:463,517
DA:464,517
DA:467,517
DA:468,517
DA:470,517
DA:471,517
DA:474,517
DA:475,3
DA:476,1
DA:477,1
DA:479,0
DA:481,2
DA:483,1
DA:484,1
DA:490,516
DA:491,512
DA:494,3
DA:497,3
DA:498,2
DA:499,2
DA:505,1
DA:517,6
DA:520,6
DA:521,506
DA:522,125255
DA:527,6
DA:535,6
DA:536,1
DA:540,6
DA:541,1
DA:542,1
DA:544,1
DA:547,6
DA:550,6
DA:551,6
DA:553,6
DA:563,6
DA:564,1
DA:565,1
DA:575,6
DA:576,1
DA:577,0
DA:578,0
DA:590,511
DA:600,0
DA:610,1
DA:611,1
DA:623,6
DA:624,1005
DA:636,2
DA:637,2
DA:639,2
DA:641,2
DA:642,2
DA:643,2
DA:645,2
DA:647,2
DA:656,1
DA:657,1
DA:662,1
DA:674,1
DA:675,2
DA:677,1
DA:678,1
DA:679,1
DA:680,1
DA:685,1
DA:688,0
DA:697,0
DA:698,0
DA:700,0
DA:701,0
DA:704,0
DA:705,0
DA:708,0
DA:709,0
DA:711,0
DA:712,0
DA:713,0
DA:718,0
DA:720,0
DA:723,0
DA:728,0
DA:737,1
DA:738,1
DA:740,1
DA:747,1
DA:748,0
DA:749,0
DA:752,1
DA:753,0
DA:754,0
DA:755,0
DA:758,1
DA:759,0
DA:760,0
DA:761,0
DA:764,1
DA:765,0
DA:766,0
DA:767,0
DA:770,1
DA:782,0
DA:791,0
DA:792,0
DA:795,0
DA:796,0
DA:799,0
DA:806,0
DA:807,0
DA:809,0
DA:816,1
DA:823,0
DA:824,0
DA:832,0
DA:833,0
DA:835,0
DA:843,1
DA:846,1
DA:850,1
DA:855,1
DA:858,1
DA:862,1
DA:863,1
LF:253
LH:195
BRDA:45,0,0,4
BRDA:48,1,0,42
BRDA:48,1,1,40
BRDA:49,2,0,42
BRDA:49,2,1,42
BRDA:50,3,0,42
BRDA:50,3,1,42
BRDA:69,4,0,42
BRDA:69,4,1,0
BRDA:82,5,0,16
BRDA:82,5,1,26
BRDA:90,6,0,16
BRDA:90,6,1,26
BRDA:103,7,0,42
BRDA:103,7,1,0
BRDA:103,8,0,42
BRDA:103,8,1,42
BRDA:103,8,2,42
BRDA:125,9,0,42
BRDA:125,9,1,0
BRDA:155,10,0,0
BRDA:155,10,1,518
BRDA:157,11,0,518
BRDA:157,11,1,0
BRDA:169,12,0,5643
BRDA:169,12,1,5643
BRDA:186,13,0,1
BRDA:186,13,1,0
BRDA:194,14,0,0
BRDA:194,14,1,0
BRDA:196,15,0,0
BRDA:196,15,1,0
BRDA:237,16,0,2013
BRDA:237,16,1,2013
BRDA:238,17,0,2013
BRDA:238,17,1,13
BRDA:243,18,0,2013
BRDA:243,18,1,1
BRDA:256,19,0,2013
BRDA:256,19,1,0
BRDA:256,20,0,2013
BRDA:256,20,1,2013
BRDA:273,21,0,24
BRDA:275,22,0,1
BRDA:275,22,1,24
BRDA:280,23,0,1
BRDA:280,23,1,23
BRDA:286,24,0,23
BRDA:286,24,1,0
BRDA:288,25,0,10
BRDA:288,25,1,13
BRDA:298,26,0,7
BRDA:298,26,1,6
BRDA:298,27,0,13
BRDA:298,27,1,8
BRDA:298,27,2,8
BRDA:328,28,0,505
BRDA:328,28,1,1
BRDA:338,29,0,1
BRDA:338,29,1,1
BRDA:349,30,0,0
BRDA:349,30,1,0
BRDA:367,31,0,0
BRDA:368,32,0,7
BRDA:368,32,1,7
BRDA:400,33,0,510
BRDA:400,33,1,0
BRDA:401,34,0,7
BRDA:401,34,1,503
BRDA:439,35,0,8
BRDA:439,35,1,8
BRDA:454,36,0,3
BRDA:454,36,1,1
BRDA:464,37,0,511
BRDA:464,37,1,6
BRDA:474,38,0,3
BRDA:474,38,1,514
BRDA:474,39,0,517
BRDA:474,39,1,3
BRDA:475,40,0,1
BRDA:475,40,1,2
BRDA:477,41,0,0
BRDA:477,41,1,1
BRDA:481,42,0,1
BRDA:481,42,1,1
BRDA:484,43,0,1
BRDA:484,43,1,0
BRDA:497,44,0,2
BRDA:497,44,1,1
BRDA:529,45,0,1
BRDA:529,45,1,1
BRDA:544,46,0,1
BRDA:544,46,1,0
BRDA:554,47,0,1
BRDA:554,47,1,5
BRDA:555,48,0,0
BRDA:555,48,1,1
BRDA:558,49,0,1
BRDA:558,49,1,5
BRDA:563,50,0,1
BRDA:563,50,1,5
BRDA:568,51,0,1
BRDA:568,51,1,1
BRDA:575,52,0,1
BRDA:575,52,1,5
BRDA:575,53,0,6
BRDA:575,53,1,1
BRDA:577,54,0,0
BRDA:577,54,1,0
BRDA:626,55,0,1005
BRDA:626,55,1,0
BRDA:627,56,0,1005
BRDA:627,56,1,1004
BRDA:642,57,0,2
BRDA:642,57,1,1
BRDA:644,58,0,1
BRDA:644,58,1,1
BRDA:645,59,0,2
BRDA:645,59,1,0
BRDA:646,60,0,1
BRDA:646,60,1,1
BRDA:647,61,0,2
BRDA:647,61,1,0
BRDA:677,62,0,1
BRDA:677,62,1,0
BRDA:700,63,0,0
BRDA:700,63,1,0
BRDA:704,64,0,0
BRDA:704,64,1,0
BRDA:711,65,0,0
BRDA:711,65,1,0
BRDA:747,66,0,0
BRDA:747,66,1,1
BRDA:752,67,0,0
BRDA:752,67,1,1
BRDA:758,68,0,0
BRDA:758,68,1,1
BRDA:764,69,0,0
BRDA:764,69,1,1
BRDA:791,70,0,0
BRDA:791,70,1,0
BRDA:795,71,0,0
BRDA:795,71,1,0
BRDA:806,72,0,0
BRDA:806,72,1,0
BRDA:823,73,0,0
BRDA:823,73,1,0
BRDA:831,74,0,0
BRDA:832,75,0,0
BRDA:832,75,1,0
BRDA:846,76,0,0
BRDA:846,76,1,1
BRDA:850,77,0,0
BRDA:850,77,1,1
BRDA:855,78,0,1
BRDA:855,78,1,0
BRF:156
BRH:106
end_of_record
